{"/Users/veronica.ray/src/github.com/mathonsunday/music-playground/src/main.ts": {"path":"/Users/veronica.ray/src/github.com/mathonsunday/music-playground/src/main.ts","statementMap":{"0":{"start":{"line":10,"column":17},"end":{"line":10,"column":null}},"1":{"start":{"line":11,"column":12},"end":{"line":11,"column":null}},"2":{"start":{"line":13,"column":12},"end":{"line":13,"column":null}},"3":{"start":{"line":15,"column":0},"end":{"line":15,"column":null}},"4":{"start":{"line":63,"column":14},"end":{"line":63,"column":null}},"5":{"start":{"line":64,"column":0},"end":{"line":64,"column":null}},"6":{"start":{"line":83,"column":0},"end":{"line":83,"column":null}},"7":{"start":{"line":86,"column":0},"end":{"line":94,"column":null}},"8":{"start":{"line":87,"column":2},"end":{"line":93,"column":null}},"9":{"start":{"line":88,"column":20},"end":{"line":88,"column":null}},"10":{"start":{"line":89,"column":4},"end":{"line":89,"column":null}},"11":{"start":{"line":89,"column":60},"end":{"line":89,"column":88}},"12":{"start":{"line":90,"column":4},"end":{"line":90,"column":null}},"13":{"start":{"line":91,"column":4},"end":{"line":91,"column":null}},"14":{"start":{"line":92,"column":4},"end":{"line":92,"column":null}},"15":{"start":{"line":97,"column":0},"end":{"line":100,"column":null}},"16":{"start":{"line":98,"column":2},"end":{"line":98,"column":null}},"17":{"start":{"line":99,"column":2},"end":{"line":99,"column":null}},"18":{"start":{"line":99,"column":58},"end":{"line":99,"column":86}},"19":{"start":{"line":103,"column":0},"end":{"line":108,"column":null}},"20":{"start":{"line":104,"column":2},"end":{"line":107,"column":null}},"21":{"start":{"line":105,"column":18},"end":{"line":105,"column":null}},"22":{"start":{"line":106,"column":4},"end":{"line":106,"column":null}}},"fnMap":{"0":{"name":"(anonymous_0)","decl":{"start":{"line":86,"column":51},"end":{"line":86,"column":58}},"loc":{"start":{"line":86,"column":58},"end":{"line":94,"column":1}},"line":86},"1":{"name":"(anonymous_1)","decl":{"start":{"line":87,"column":32},"end":{"line":87,"column":44}},"loc":{"start":{"line":87,"column":44},"end":{"line":93,"column":3}},"line":87},"2":{"name":"(anonymous_2)","decl":{"start":{"line":89,"column":55},"end":{"line":89,"column":60}},"loc":{"start":{"line":89,"column":60},"end":{"line":89,"column":88}},"line":89},"3":{"name":"(anonymous_3)","decl":{"start":{"line":97,"column":63},"end":{"line":97,"column":69}},"loc":{"start":{"line":97,"column":69},"end":{"line":100,"column":1}},"line":97},"4":{"name":"(anonymous_4)","decl":{"start":{"line":99,"column":53},"end":{"line":99,"column":58}},"loc":{"start":{"line":99,"column":58},"end":{"line":99,"column":86}},"line":99},"5":{"name":"(anonymous_5)","decl":{"start":{"line":103,"column":46},"end":{"line":103,"column":53}},"loc":{"start":{"line":103,"column":53},"end":{"line":108,"column":1}},"line":103},"6":{"name":"(anonymous_6)","decl":{"start":{"line":104,"column":32},"end":{"line":104,"column":44}},"loc":{"start":{"line":104,"column":44},"end":{"line":107,"column":3}},"line":104}},"branchMap":{},"s":{"0":0,"1":0,"2":0,"3":0,"4":0,"5":0,"6":0,"7":0,"8":0,"9":0,"10":0,"11":0,"12":0,"13":0,"14":0,"15":0,"16":0,"17":0,"18":0,"19":0,"20":0,"21":0,"22":0},"f":{"0":0,"1":0,"2":0,"3":0,"4":0,"5":0,"6":0},"b":{},"meta":{"lastBranch":0,"lastFunction":7,"lastStatement":23,"seen":{"s:10:17:10:Infinity":0,"s:11:12:11:Infinity":1,"s:13:12:13:Infinity":2,"s:15:0:15:Infinity":3,"s:63:14:63:Infinity":4,"s:64:0:64:Infinity":5,"s:83:0:83:Infinity":6,"s:86:0:94:Infinity":7,"f:86:51:86:58":0,"s:87:2:93:Infinity":8,"f:87:32:87:44":1,"s:88:20:88:Infinity":9,"s:89:4:89:Infinity":10,"f:89:55:89:60":2,"s:89:60:89:88":11,"s:90:4:90:Infinity":12,"s:91:4:91:Infinity":13,"s:92:4:92:Infinity":14,"s:97:0:100:Infinity":15,"f:97:63:97:69":3,"s:98:2:98:Infinity":16,"s:99:2:99:Infinity":17,"f:99:53:99:58":4,"s:99:58:99:86":18,"s:103:0:108:Infinity":19,"f:103:46:103:53":5,"s:104:2:107:Infinity":20,"f:104:32:104:44":6,"s:105:18:105:Infinity":21,"s:106:4:106:Infinity":22}}}
,"/Users/veronica.ray/src/github.com/mathonsunday/music-playground/src/umd-entry.ts": {"path":"/Users/veronica.ray/src/github.com/mathonsunday/music-playground/src/umd-entry.ts","statementMap":{"0":{"start":{"line":36,"column":0},"end":{"line":68,"column":null}},"1":{"start":{"line":37,"column":3},"end":{"line":67,"column":null}}},"fnMap":{},"branchMap":{"0":{"loc":{"start":{"line":36,"column":0},"end":{"line":68,"column":null}},"type":"if","locations":[{"start":{"line":36,"column":0},"end":{"line":68,"column":null}},{"start":{},"end":{}}],"line":36}},"s":{"0":0,"1":0},"f":{},"b":{"0":[0,0]},"meta":{"lastBranch":1,"lastFunction":0,"lastStatement":2,"seen":{"b:36:0:68:Infinity:undefined:undefined:undefined:undefined":0,"s:36:0:68:Infinity":0,"s:37:3:67:Infinity":1}}}
,"/Users/veronica.ray/src/github.com/mathonsunday/music-playground/src/vite-env.d.ts": {"path":"/Users/veronica.ray/src/github.com/mathonsunday/music-playground/src/vite-env.d.ts","statementMap":{},"fnMap":{},"branchMap":{},"s":{},"f":{},"b":{},"meta":{"lastBranch":0,"lastFunction":0,"lastStatement":0,"seen":{}}}
,"/Users/veronica.ray/src/github.com/mathonsunday/music-playground/src/ambience/ambience.ts": {"path":"/Users/veronica.ray/src/github.com/mathonsunday/music-playground/src/ambience/ambience.ts","statementMap":{"0":{"start":{"line":57,"column":34},"end":{"line":57,"column":null}},"1":{"start":{"line":59,"column":31},"end":{"line":59,"column":null}},"2":{"start":{"line":62,"column":4},"end":{"line":62,"column":null}},"3":{"start":{"line":69,"column":4},"end":{"line":69,"column":null}},"4":{"start":{"line":71,"column":17},"end":{"line":78,"column":null}},"5":{"start":{"line":80,"column":4},"end":{"line":80,"column":null}},"6":{"start":{"line":82,"column":4},"end":{"line":110,"column":null}},"7":{"start":{"line":84,"column":8},"end":{"line":84,"column":null}},"8":{"start":{"line":85,"column":8},"end":{"line":85,"column":null}},"9":{"start":{"line":87,"column":8},"end":{"line":87,"column":null}},"10":{"start":{"line":88,"column":8},"end":{"line":88,"column":null}},"11":{"start":{"line":90,"column":8},"end":{"line":90,"column":null}},"12":{"start":{"line":91,"column":8},"end":{"line":91,"column":null}},"13":{"start":{"line":93,"column":8},"end":{"line":93,"column":null}},"14":{"start":{"line":94,"column":8},"end":{"line":94,"column":null}},"15":{"start":{"line":96,"column":8},"end":{"line":96,"column":null}},"16":{"start":{"line":97,"column":8},"end":{"line":97,"column":null}},"17":{"start":{"line":99,"column":8},"end":{"line":99,"column":null}},"18":{"start":{"line":100,"column":8},"end":{"line":100,"column":null}},"19":{"start":{"line":102,"column":8},"end":{"line":102,"column":null}},"20":{"start":{"line":103,"column":8},"end":{"line":103,"column":null}},"21":{"start":{"line":105,"column":8},"end":{"line":105,"column":null}},"22":{"start":{"line":106,"column":8},"end":{"line":106,"column":null}},"23":{"start":{"line":108,"column":8},"end":{"line":108,"column":null}},"24":{"start":{"line":109,"column":8},"end":{"line":109,"column":null}},"25":{"start":{"line":117,"column":4},"end":{"line":117,"column":null}},"26":{"start":{"line":124,"column":10},"end":{"line":124,"column":null}},"27":{"start":{"line":125,"column":16},"end":{"line":125,"column":null}},"28":{"start":{"line":127,"column":4},"end":{"line":127,"column":null}},"29":{"start":{"line":129,"column":4},"end":{"line":148,"column":null}},"30":{"start":{"line":131,"column":6},"end":{"line":134,"column":null}},"31":{"start":{"line":132,"column":8},"end":{"line":132,"column":null}},"32":{"start":{"line":133,"column":8},"end":{"line":133,"column":null}},"33":{"start":{"line":137,"column":6},"end":{"line":147,"column":null}},"34":{"start":{"line":138,"column":8},"end":{"line":140,"column":null}},"35":{"start":{"line":139,"column":10},"end":{"line":139,"column":null}},"36":{"start":{"line":139,"column":16},"end":{"line":139,"column":28}},"37":{"start":{"line":141,"column":8},"end":{"line":143,"column":null}},"38":{"start":{"line":142,"column":10},"end":{"line":142,"column":null}},"39":{"start":{"line":142,"column":16},"end":{"line":142,"column":42}},"40":{"start":{"line":144,"column":8},"end":{"line":146,"column":null}},"41":{"start":{"line":145,"column":10},"end":{"line":145,"column":null}},"42":{"start":{"line":150,"column":4},"end":{"line":150,"column":null}},"43":{"start":{"line":157,"column":10},"end":{"line":157,"column":null}},"44":{"start":{"line":158,"column":4},"end":{"line":158,"column":null}},"45":{"start":{"line":164,"column":10},"end":{"line":164,"column":null}},"46":{"start":{"line":165,"column":31},"end":{"line":165,"column":null}},"47":{"start":{"line":168,"column":21},"end":{"line":168,"column":null}},"48":{"start":{"line":171,"column":21},"end":{"line":171,"column":null}},"49":{"start":{"line":172,"column":4},"end":{"line":172,"column":null}},"50":{"start":{"line":173,"column":4},"end":{"line":173,"column":null}},"51":{"start":{"line":175,"column":22},"end":{"line":175,"column":null}},"52":{"start":{"line":176,"column":4},"end":{"line":176,"column":null}},"53":{"start":{"line":177,"column":4},"end":{"line":177,"column":null}},"54":{"start":{"line":180,"column":19},"end":{"line":180,"column":null}},"55":{"start":{"line":181,"column":4},"end":{"line":181,"column":null}},"56":{"start":{"line":182,"column":4},"end":{"line":182,"column":null}},"57":{"start":{"line":184,"column":20},"end":{"line":184,"column":null}},"58":{"start":{"line":185,"column":4},"end":{"line":185,"column":null}},"59":{"start":{"line":186,"column":4},"end":{"line":186,"column":null}},"60":{"start":{"line":189,"column":16},"end":{"line":189,"column":null}},"61":{"start":{"line":190,"column":4},"end":{"line":190,"column":null}},"62":{"start":{"line":191,"column":4},"end":{"line":191,"column":null}},"63":{"start":{"line":193,"column":20},"end":{"line":193,"column":null}},"64":{"start":{"line":194,"column":4},"end":{"line":194,"column":null}},"65":{"start":{"line":196,"column":4},"end":{"line":196,"column":null}},"66":{"start":{"line":197,"column":4},"end":{"line":197,"column":null}},"67":{"start":{"line":200,"column":4},"end":{"line":200,"column":null}},"68":{"start":{"line":201,"column":4},"end":{"line":201,"column":null}},"69":{"start":{"line":202,"column":4},"end":{"line":202,"column":null}},"70":{"start":{"line":203,"column":4},"end":{"line":203,"column":null}},"71":{"start":{"line":206,"column":4},"end":{"line":206,"column":null}},"72":{"start":{"line":207,"column":4},"end":{"line":207,"column":null}},"73":{"start":{"line":208,"column":4},"end":{"line":208,"column":null}},"74":{"start":{"line":210,"column":4},"end":{"line":210,"column":null}},"75":{"start":{"line":211,"column":4},"end":{"line":211,"column":null}},"76":{"start":{"line":214,"column":4},"end":{"line":214,"column":null}},"77":{"start":{"line":217,"column":4},"end":{"line":225,"column":null}},"78":{"start":{"line":218,"column":30},"end":{"line":223,"column":null}},"79":{"start":{"line":219,"column":8},"end":{"line":219,"column":null}},"80":{"start":{"line":219,"column":29},"end":{"line":219,"column":null}},"81":{"start":{"line":220,"column":8},"end":{"line":222,"column":null}},"82":{"start":{"line":221,"column":10},"end":{"line":221,"column":null}},"83":{"start":{"line":224,"column":6},"end":{"line":224,"column":null}},"84":{"start":{"line":227,"column":4},"end":{"line":227,"column":null}},"85":{"start":{"line":231,"column":10},"end":{"line":231,"column":null}},"86":{"start":{"line":232,"column":31},"end":{"line":232,"column":null}},"87":{"start":{"line":235,"column":21},"end":{"line":235,"column":null}},"88":{"start":{"line":236,"column":4},"end":{"line":236,"column":null}},"89":{"start":{"line":237,"column":4},"end":{"line":237,"column":null}},"90":{"start":{"line":239,"column":24},"end":{"line":239,"column":null}},"91":{"start":{"line":240,"column":4},"end":{"line":240,"column":null}},"92":{"start":{"line":241,"column":4},"end":{"line":241,"column":null}},"93":{"start":{"line":242,"column":4},"end":{"line":242,"column":null}},"94":{"start":{"line":244,"column":22},"end":{"line":244,"column":null}},"95":{"start":{"line":245,"column":4},"end":{"line":245,"column":null}},"96":{"start":{"line":246,"column":4},"end":{"line":246,"column":null}},"97":{"start":{"line":249,"column":22},"end":{"line":249,"column":null}},"98":{"start":{"line":250,"column":4},"end":{"line":250,"column":null}},"99":{"start":{"line":251,"column":4},"end":{"line":251,"column":null}},"100":{"start":{"line":253,"column":23},"end":{"line":253,"column":null}},"101":{"start":{"line":254,"column":4},"end":{"line":254,"column":null}},"102":{"start":{"line":255,"column":4},"end":{"line":255,"column":null}},"103":{"start":{"line":258,"column":4},"end":{"line":258,"column":null}},"104":{"start":{"line":259,"column":4},"end":{"line":259,"column":null}},"105":{"start":{"line":260,"column":4},"end":{"line":260,"column":null}},"106":{"start":{"line":262,"column":4},"end":{"line":262,"column":null}},"107":{"start":{"line":263,"column":4},"end":{"line":263,"column":null}},"108":{"start":{"line":266,"column":4},"end":{"line":266,"column":null}},"109":{"start":{"line":267,"column":4},"end":{"line":267,"column":null}},"110":{"start":{"line":269,"column":4},"end":{"line":269,"column":null}},"111":{"start":{"line":270,"column":4},"end":{"line":270,"column":null}},"112":{"start":{"line":273,"column":26},"end":{"line":278,"column":null}},"113":{"start":{"line":274,"column":6},"end":{"line":274,"column":null}},"114":{"start":{"line":274,"column":27},"end":{"line":274,"column":null}},"115":{"start":{"line":275,"column":6},"end":{"line":277,"column":null}},"116":{"start":{"line":276,"column":8},"end":{"line":276,"column":null}},"117":{"start":{"line":279,"column":4},"end":{"line":279,"column":null}},"118":{"start":{"line":281,"column":4},"end":{"line":281,"column":null}},"119":{"start":{"line":285,"column":31},"end":{"line":285,"column":null}},"120":{"start":{"line":288,"column":25},"end":{"line":291,"column":null}},"121":{"start":{"line":289,"column":6},"end":{"line":289,"column":null}},"122":{"start":{"line":289,"column":27},"end":{"line":289,"column":null}},"123":{"start":{"line":290,"column":6},"end":{"line":290,"column":null}},"124":{"start":{"line":293,"column":4},"end":{"line":293,"column":null}},"125":{"start":{"line":296,"column":4},"end":{"line":296,"column":null}},"126":{"start":{"line":296,"column":21},"end":{"line":296,"column":64}},"127":{"start":{"line":298,"column":4},"end":{"line":298,"column":null}},"128":{"start":{"line":302,"column":10},"end":{"line":302,"column":null}},"129":{"start":{"line":303,"column":31},"end":{"line":303,"column":null}},"130":{"start":{"line":306,"column":24},"end":{"line":306,"column":null}},"131":{"start":{"line":308,"column":4},"end":{"line":336,"column":null}},"132":{"start":{"line":309,"column":18},"end":{"line":309,"column":null}},"133":{"start":{"line":310,"column":6},"end":{"line":310,"column":null}},"134":{"start":{"line":311,"column":6},"end":{"line":311,"column":null}},"135":{"start":{"line":313,"column":19},"end":{"line":313,"column":null}},"136":{"start":{"line":314,"column":6},"end":{"line":314,"column":null}},"137":{"start":{"line":315,"column":6},"end":{"line":315,"column":null}},"138":{"start":{"line":318,"column":18},"end":{"line":318,"column":null}},"139":{"start":{"line":319,"column":6},"end":{"line":319,"column":null}},"140":{"start":{"line":320,"column":6},"end":{"line":320,"column":null}},"141":{"start":{"line":322,"column":22},"end":{"line":322,"column":null}},"142":{"start":{"line":323,"column":6},"end":{"line":323,"column":null}},"143":{"start":{"line":325,"column":6},"end":{"line":325,"column":null}},"144":{"start":{"line":326,"column":6},"end":{"line":326,"column":null}},"145":{"start":{"line":328,"column":6},"end":{"line":328,"column":null}},"146":{"start":{"line":329,"column":6},"end":{"line":329,"column":null}},"147":{"start":{"line":331,"column":6},"end":{"line":331,"column":null}},"148":{"start":{"line":332,"column":6},"end":{"line":332,"column":null}},"149":{"start":{"line":334,"column":6},"end":{"line":334,"column":null}},"150":{"start":{"line":335,"column":6},"end":{"line":335,"column":null}},"151":{"start":{"line":339,"column":28},"end":{"line":344,"column":null}},"152":{"start":{"line":340,"column":6},"end":{"line":340,"column":null}},"153":{"start":{"line":340,"column":27},"end":{"line":340,"column":null}},"154":{"start":{"line":341,"column":6},"end":{"line":343,"column":null}},"155":{"start":{"line":342,"column":8},"end":{"line":342,"column":null}},"156":{"start":{"line":345,"column":4},"end":{"line":345,"column":null}},"157":{"start":{"line":347,"column":4},"end":{"line":347,"column":null}},"158":{"start":{"line":351,"column":31},"end":{"line":351,"column":null}},"159":{"start":{"line":354,"column":4},"end":{"line":354,"column":null}},"160":{"start":{"line":357,"column":28},"end":{"line":362,"column":null}},"161":{"start":{"line":358,"column":6},"end":{"line":358,"column":null}},"162":{"start":{"line":358,"column":27},"end":{"line":358,"column":null}},"163":{"start":{"line":359,"column":6},"end":{"line":361,"column":null}},"164":{"start":{"line":360,"column":8},"end":{"line":360,"column":null}},"165":{"start":{"line":363,"column":4},"end":{"line":363,"column":null}},"166":{"start":{"line":365,"column":4},"end":{"line":365,"column":null}},"167":{"start":{"line":369,"column":10},"end":{"line":369,"column":null}},"168":{"start":{"line":370,"column":31},"end":{"line":370,"column":null}},"169":{"start":{"line":373,"column":23},"end":{"line":373,"column":null}},"170":{"start":{"line":374,"column":4},"end":{"line":374,"column":null}},"171":{"start":{"line":375,"column":4},"end":{"line":375,"column":null}},"172":{"start":{"line":376,"column":4},"end":{"line":376,"column":null}},"173":{"start":{"line":378,"column":26},"end":{"line":378,"column":null}},"174":{"start":{"line":379,"column":4},"end":{"line":379,"column":null}},"175":{"start":{"line":380,"column":4},"end":{"line":380,"column":null}},"176":{"start":{"line":382,"column":24},"end":{"line":382,"column":null}},"177":{"start":{"line":383,"column":4},"end":{"line":383,"column":null}},"178":{"start":{"line":384,"column":4},"end":{"line":384,"column":null}},"179":{"start":{"line":387,"column":22},"end":{"line":387,"column":null}},"180":{"start":{"line":388,"column":4},"end":{"line":388,"column":null}},"181":{"start":{"line":389,"column":4},"end":{"line":389,"column":null}},"182":{"start":{"line":391,"column":23},"end":{"line":391,"column":null}},"183":{"start":{"line":392,"column":4},"end":{"line":392,"column":null}},"184":{"start":{"line":393,"column":4},"end":{"line":393,"column":null}},"185":{"start":{"line":396,"column":4},"end":{"line":396,"column":null}},"186":{"start":{"line":397,"column":4},"end":{"line":397,"column":null}},"187":{"start":{"line":398,"column":4},"end":{"line":398,"column":null}},"188":{"start":{"line":400,"column":4},"end":{"line":400,"column":null}},"189":{"start":{"line":401,"column":4},"end":{"line":401,"column":null}},"190":{"start":{"line":403,"column":4},"end":{"line":403,"column":null}},"191":{"start":{"line":404,"column":4},"end":{"line":404,"column":null}},"192":{"start":{"line":406,"column":4},"end":{"line":406,"column":null}},"193":{"start":{"line":407,"column":4},"end":{"line":407,"column":null}},"194":{"start":{"line":409,"column":4},"end":{"line":409,"column":null}},"195":{"start":{"line":413,"column":10},"end":{"line":413,"column":null}},"196":{"start":{"line":414,"column":31},"end":{"line":414,"column":null}},"197":{"start":{"line":417,"column":21},"end":{"line":417,"column":null}},"198":{"start":{"line":418,"column":4},"end":{"line":418,"column":null}},"199":{"start":{"line":419,"column":4},"end":{"line":419,"column":null}},"200":{"start":{"line":421,"column":22},"end":{"line":421,"column":null}},"201":{"start":{"line":422,"column":4},"end":{"line":422,"column":null}},"202":{"start":{"line":423,"column":4},"end":{"line":423,"column":null}},"203":{"start":{"line":426,"column":21},"end":{"line":426,"column":null}},"204":{"start":{"line":427,"column":4},"end":{"line":427,"column":null}},"205":{"start":{"line":428,"column":4},"end":{"line":428,"column":null}},"206":{"start":{"line":430,"column":22},"end":{"line":430,"column":null}},"207":{"start":{"line":431,"column":4},"end":{"line":431,"column":null}},"208":{"start":{"line":432,"column":4},"end":{"line":432,"column":null}},"209":{"start":{"line":434,"column":4},"end":{"line":434,"column":null}},"210":{"start":{"line":435,"column":4},"end":{"line":435,"column":null}},"211":{"start":{"line":437,"column":4},"end":{"line":437,"column":null}},"212":{"start":{"line":438,"column":4},"end":{"line":438,"column":null}},"213":{"start":{"line":440,"column":4},"end":{"line":440,"column":null}},"214":{"start":{"line":441,"column":4},"end":{"line":441,"column":null}},"215":{"start":{"line":443,"column":4},"end":{"line":443,"column":null}},"216":{"start":{"line":444,"column":4},"end":{"line":444,"column":null}},"217":{"start":{"line":447,"column":25},"end":{"line":452,"column":null}},"218":{"start":{"line":448,"column":6},"end":{"line":448,"column":null}},"219":{"start":{"line":448,"column":27},"end":{"line":448,"column":null}},"220":{"start":{"line":449,"column":6},"end":{"line":451,"column":null}},"221":{"start":{"line":450,"column":8},"end":{"line":450,"column":null}},"222":{"start":{"line":453,"column":4},"end":{"line":453,"column":null}},"223":{"start":{"line":455,"column":4},"end":{"line":455,"column":null}},"224":{"start":{"line":459,"column":10},"end":{"line":459,"column":null}},"225":{"start":{"line":460,"column":31},"end":{"line":460,"column":null}},"226":{"start":{"line":463,"column":4},"end":{"line":463,"column":null}},"227":{"start":{"line":466,"column":20},"end":{"line":466,"column":null}},"228":{"start":{"line":467,"column":4},"end":{"line":467,"column":null}},"229":{"start":{"line":468,"column":4},"end":{"line":468,"column":null}},"230":{"start":{"line":470,"column":21},"end":{"line":470,"column":null}},"231":{"start":{"line":471,"column":4},"end":{"line":471,"column":null}},"232":{"start":{"line":472,"column":4},"end":{"line":472,"column":null}},"233":{"start":{"line":474,"column":4},"end":{"line":474,"column":null}},"234":{"start":{"line":475,"column":4},"end":{"line":475,"column":null}},"235":{"start":{"line":477,"column":4},"end":{"line":477,"column":null}},"236":{"start":{"line":479,"column":4},"end":{"line":479,"column":null}},"237":{"start":{"line":480,"column":4},"end":{"line":480,"column":null}},"238":{"start":{"line":482,"column":4},"end":{"line":482,"column":null}},"239":{"start":{"line":486,"column":10},"end":{"line":486,"column":null}},"240":{"start":{"line":487,"column":31},"end":{"line":487,"column":null}},"241":{"start":{"line":490,"column":22},"end":{"line":490,"column":null}},"242":{"start":{"line":491,"column":4},"end":{"line":491,"column":null}},"243":{"start":{"line":492,"column":4},"end":{"line":492,"column":null}},"244":{"start":{"line":494,"column":23},"end":{"line":494,"column":null}},"245":{"start":{"line":495,"column":4},"end":{"line":495,"column":null}},"246":{"start":{"line":496,"column":4},"end":{"line":496,"column":null}},"247":{"start":{"line":499,"column":25},"end":{"line":499,"column":null}},"248":{"start":{"line":500,"column":4},"end":{"line":500,"column":null}},"249":{"start":{"line":501,"column":4},"end":{"line":501,"column":null}},"250":{"start":{"line":503,"column":26},"end":{"line":503,"column":null}},"251":{"start":{"line":504,"column":4},"end":{"line":504,"column":null}},"252":{"start":{"line":505,"column":4},"end":{"line":505,"column":null}},"253":{"start":{"line":507,"column":4},"end":{"line":507,"column":null}},"254":{"start":{"line":508,"column":4},"end":{"line":508,"column":null}},"255":{"start":{"line":510,"column":4},"end":{"line":510,"column":null}},"256":{"start":{"line":511,"column":4},"end":{"line":511,"column":null}},"257":{"start":{"line":513,"column":4},"end":{"line":513,"column":null}},"258":{"start":{"line":514,"column":4},"end":{"line":514,"column":null}},"259":{"start":{"line":516,"column":4},"end":{"line":516,"column":null}},"260":{"start":{"line":517,"column":4},"end":{"line":517,"column":null}},"261":{"start":{"line":519,"column":4},"end":{"line":519,"column":null}},"262":{"start":{"line":525,"column":10},"end":{"line":525,"column":null}},"263":{"start":{"line":527,"column":23},"end":{"line":527,"column":null}},"264":{"start":{"line":528,"column":19},"end":{"line":528,"column":null}},"265":{"start":{"line":529,"column":17},"end":{"line":529,"column":null}},"266":{"start":{"line":531,"column":4},"end":{"line":533,"column":null}},"267":{"start":{"line":531,"column":17},"end":{"line":531,"column":20}},"268":{"start":{"line":532,"column":6},"end":{"line":532,"column":null}},"269":{"start":{"line":535,"column":18},"end":{"line":535,"column":null}},"270":{"start":{"line":536,"column":4},"end":{"line":536,"column":null}},"271":{"start":{"line":537,"column":4},"end":{"line":537,"column":null}},"272":{"start":{"line":539,"column":20},"end":{"line":539,"column":null}},"273":{"start":{"line":540,"column":4},"end":{"line":540,"column":null}},"274":{"start":{"line":541,"column":4},"end":{"line":541,"column":null}},"275":{"start":{"line":543,"column":21},"end":{"line":543,"column":null}},"276":{"start":{"line":544,"column":4},"end":{"line":544,"column":null}},"277":{"start":{"line":545,"column":4},"end":{"line":545,"column":null}},"278":{"start":{"line":547,"column":17},"end":{"line":547,"column":null}},"279":{"start":{"line":548,"column":4},"end":{"line":548,"column":null}},"280":{"start":{"line":549,"column":4},"end":{"line":549,"column":null}},"281":{"start":{"line":551,"column":4},"end":{"line":551,"column":null}},"282":{"start":{"line":552,"column":4},"end":{"line":552,"column":null}},"283":{"start":{"line":553,"column":4},"end":{"line":553,"column":null}},"284":{"start":{"line":554,"column":4},"end":{"line":554,"column":null}},"285":{"start":{"line":556,"column":4},"end":{"line":556,"column":null}},"286":{"start":{"line":558,"column":4},"end":{"line":558,"column":null}},"287":{"start":{"line":559,"column":4},"end":{"line":559,"column":null}},"288":{"start":{"line":563,"column":10},"end":{"line":563,"column":null}},"289":{"start":{"line":565,"column":16},"end":{"line":565,"column":null}},"290":{"start":{"line":566,"column":4},"end":{"line":566,"column":null}},"291":{"start":{"line":567,"column":4},"end":{"line":567,"column":null}},"292":{"start":{"line":568,"column":4},"end":{"line":568,"column":null}},"293":{"start":{"line":570,"column":17},"end":{"line":570,"column":null}},"294":{"start":{"line":571,"column":4},"end":{"line":571,"column":null}},"295":{"start":{"line":572,"column":4},"end":{"line":572,"column":null}},"296":{"start":{"line":574,"column":4},"end":{"line":574,"column":null}},"297":{"start":{"line":575,"column":4},"end":{"line":575,"column":null}},"298":{"start":{"line":577,"column":4},"end":{"line":577,"column":null}},"299":{"start":{"line":578,"column":4},"end":{"line":578,"column":null}},"300":{"start":{"line":582,"column":10},"end":{"line":582,"column":null}},"301":{"start":{"line":584,"column":24},"end":{"line":584,"column":null}},"302":{"start":{"line":585,"column":17},"end":{"line":585,"column":null}},"303":{"start":{"line":587,"column":16},"end":{"line":587,"column":null}},"304":{"start":{"line":588,"column":4},"end":{"line":588,"column":null}},"305":{"start":{"line":589,"column":4},"end":{"line":589,"column":null}},"306":{"start":{"line":591,"column":17},"end":{"line":591,"column":null}},"307":{"start":{"line":592,"column":4},"end":{"line":592,"column":null}},"308":{"start":{"line":593,"column":4},"end":{"line":593,"column":null}},"309":{"start":{"line":594,"column":4},"end":{"line":594,"column":null}},"310":{"start":{"line":596,"column":4},"end":{"line":596,"column":null}},"311":{"start":{"line":597,"column":4},"end":{"line":597,"column":null}},"312":{"start":{"line":599,"column":4},"end":{"line":599,"column":null}},"313":{"start":{"line":600,"column":4},"end":{"line":600,"column":null}},"314":{"start":{"line":604,"column":10},"end":{"line":604,"column":null}},"315":{"start":{"line":606,"column":16},"end":{"line":606,"column":null}},"316":{"start":{"line":607,"column":4},"end":{"line":607,"column":null}},"317":{"start":{"line":608,"column":4},"end":{"line":608,"column":null}},"318":{"start":{"line":609,"column":4},"end":{"line":609,"column":null}},"319":{"start":{"line":611,"column":19},"end":{"line":611,"column":null}},"320":{"start":{"line":612,"column":4},"end":{"line":612,"column":null}},"321":{"start":{"line":613,"column":4},"end":{"line":613,"column":null}},"322":{"start":{"line":614,"column":4},"end":{"line":614,"column":null}},"323":{"start":{"line":616,"column":17},"end":{"line":616,"column":null}},"324":{"start":{"line":617,"column":4},"end":{"line":617,"column":null}},"325":{"start":{"line":618,"column":4},"end":{"line":618,"column":null}},"326":{"start":{"line":620,"column":4},"end":{"line":620,"column":null}},"327":{"start":{"line":621,"column":4},"end":{"line":621,"column":null}},"328":{"start":{"line":622,"column":4},"end":{"line":622,"column":null}},"329":{"start":{"line":624,"column":4},"end":{"line":624,"column":null}},"330":{"start":{"line":625,"column":4},"end":{"line":625,"column":null}},"331":{"start":{"line":629,"column":10},"end":{"line":629,"column":null}},"332":{"start":{"line":631,"column":21},"end":{"line":631,"column":null}},"333":{"start":{"line":633,"column":4},"end":{"line":648,"column":null}},"334":{"start":{"line":633,"column":17},"end":{"line":633,"column":20}},"335":{"start":{"line":634,"column":18},"end":{"line":634,"column":null}},"336":{"start":{"line":635,"column":6},"end":{"line":635,"column":null}},"337":{"start":{"line":636,"column":6},"end":{"line":636,"column":null}},"338":{"start":{"line":638,"column":19},"end":{"line":638,"column":null}},"339":{"start":{"line":639,"column":6},"end":{"line":639,"column":null}},"340":{"start":{"line":640,"column":6},"end":{"line":640,"column":null}},"341":{"start":{"line":641,"column":6},"end":{"line":641,"column":null}},"342":{"start":{"line":643,"column":6},"end":{"line":643,"column":null}},"343":{"start":{"line":644,"column":6},"end":{"line":644,"column":null}},"344":{"start":{"line":646,"column":6},"end":{"line":646,"column":null}},"345":{"start":{"line":647,"column":6},"end":{"line":647,"column":null}},"346":{"start":{"line":652,"column":10},"end":{"line":652,"column":null}},"347":{"start":{"line":654,"column":23},"end":{"line":654,"column":null}},"348":{"start":{"line":655,"column":19},"end":{"line":655,"column":null}},"349":{"start":{"line":656,"column":17},"end":{"line":656,"column":null}},"350":{"start":{"line":658,"column":4},"end":{"line":660,"column":null}},"351":{"start":{"line":658,"column":17},"end":{"line":658,"column":20}},"352":{"start":{"line":659,"column":6},"end":{"line":659,"column":null}},"353":{"start":{"line":662,"column":18},"end":{"line":662,"column":null}},"354":{"start":{"line":663,"column":4},"end":{"line":663,"column":null}},"355":{"start":{"line":665,"column":19},"end":{"line":665,"column":null}},"356":{"start":{"line":666,"column":4},"end":{"line":666,"column":null}},"357":{"start":{"line":667,"column":4},"end":{"line":667,"column":null}},"358":{"start":{"line":669,"column":17},"end":{"line":669,"column":null}},"359":{"start":{"line":670,"column":4},"end":{"line":670,"column":null}},"360":{"start":{"line":671,"column":4},"end":{"line":671,"column":null}},"361":{"start":{"line":673,"column":4},"end":{"line":673,"column":null}},"362":{"start":{"line":674,"column":4},"end":{"line":674,"column":null}},"363":{"start":{"line":675,"column":4},"end":{"line":675,"column":null}},"364":{"start":{"line":677,"column":4},"end":{"line":677,"column":null}},"365":{"start":{"line":681,"column":10},"end":{"line":681,"column":null}},"366":{"start":{"line":683,"column":16},"end":{"line":683,"column":null}},"367":{"start":{"line":684,"column":4},"end":{"line":684,"column":null}},"368":{"start":{"line":685,"column":4},"end":{"line":685,"column":null}},"369":{"start":{"line":687,"column":17},"end":{"line":687,"column":null}},"370":{"start":{"line":688,"column":4},"end":{"line":688,"column":null}},"371":{"start":{"line":689,"column":4},"end":{"line":689,"column":null}},"372":{"start":{"line":690,"column":4},"end":{"line":690,"column":null}},"373":{"start":{"line":692,"column":4},"end":{"line":692,"column":null}},"374":{"start":{"line":693,"column":4},"end":{"line":693,"column":null}},"375":{"start":{"line":695,"column":4},"end":{"line":695,"column":null}},"376":{"start":{"line":696,"column":4},"end":{"line":696,"column":null}}},"fnMap":{"0":{"name":"(anonymous_0)","decl":{"start":{"line":61,"column":2},"end":{"line":61,"column":16}},"loc":{"start":{"line":61,"column":16},"end":{"line":63,"column":null}},"line":61},"1":{"name":"(anonymous_1)","decl":{"start":{"line":68,"column":8},"end":{"line":68,"column":13}},"loc":{"start":{"line":68,"column":83},"end":{"line":111,"column":null}},"line":68},"2":{"name":"(anonymous_2)","decl":{"start":{"line":116,"column":8},"end":{"line":116,"column":17}},"loc":{"start":{"line":116,"column":87},"end":{"line":118,"column":null}},"line":116},"3":{"name":"(anonymous_3)","decl":{"start":{"line":123,"column":2},"end":{"line":123,"column":7}},"loc":{"start":{"line":123,"column":34},"end":{"line":151,"column":null}},"line":123},"4":{"name":"(anonymous_4)","decl":{"start":{"line":137,"column":17},"end":{"line":137,"column":23}},"loc":{"start":{"line":137,"column":23},"end":{"line":147,"column":9}},"line":137},"5":{"name":"(anonymous_5)","decl":{"start":{"line":156,"column":2},"end":{"line":156,"column":12}},"loc":{"start":{"line":156,"column":34},"end":{"line":159,"column":null}},"line":156},"6":{"name":"(anonymous_6)","decl":{"start":{"line":163,"column":10},"end":{"line":163,"column":32}},"loc":{"start":{"line":163,"column":61},"end":{"line":228,"column":null}},"line":163},"7":{"name":"(anonymous_7)","decl":{"start":{"line":218,"column":49},"end":{"line":218,"column":55}},"loc":{"start":{"line":218,"column":55},"end":{"line":223,"column":9}},"line":218},"8":{"name":"(anonymous_8)","decl":{"start":{"line":230,"column":10},"end":{"line":230,"column":28}},"loc":{"start":{"line":230,"column":57},"end":{"line":282,"column":null}},"line":230},"9":{"name":"(anonymous_9)","decl":{"start":{"line":273,"column":45},"end":{"line":273,"column":51}},"loc":{"start":{"line":273,"column":51},"end":{"line":278,"column":7}},"line":273},"10":{"name":"(anonymous_10)","decl":{"start":{"line":284,"column":10},"end":{"line":284,"column":30}},"loc":{"start":{"line":284,"column":59},"end":{"line":299,"column":null}},"line":284},"11":{"name":"(anonymous_11)","decl":{"start":{"line":288,"column":44},"end":{"line":288,"column":50}},"loc":{"start":{"line":288,"column":50},"end":{"line":291,"column":8}},"line":288},"12":{"name":"(anonymous_12)","decl":{"start":{"line":296,"column":15},"end":{"line":296,"column":21}},"loc":{"start":{"line":296,"column":21},"end":{"line":296,"column":64}},"line":296},"13":{"name":"(anonymous_13)","decl":{"start":{"line":301,"column":10},"end":{"line":301,"column":40}},"loc":{"start":{"line":301,"column":69},"end":{"line":348,"column":null}},"line":301},"14":{"name":"(anonymous_14)","decl":{"start":{"line":308,"column":24},"end":{"line":308,"column":25}},"loc":{"start":{"line":308,"column":37},"end":{"line":336,"column":5}},"line":308},"15":{"name":"(anonymous_15)","decl":{"start":{"line":339,"column":47},"end":{"line":339,"column":53}},"loc":{"start":{"line":339,"column":53},"end":{"line":344,"column":7}},"line":339},"16":{"name":"(anonymous_16)","decl":{"start":{"line":350,"column":10},"end":{"line":350,"column":35}},"loc":{"start":{"line":350,"column":64},"end":{"line":366,"column":null}},"line":350},"17":{"name":"(anonymous_17)","decl":{"start":{"line":357,"column":47},"end":{"line":357,"column":53}},"loc":{"start":{"line":357,"column":53},"end":{"line":362,"column":7}},"line":357},"18":{"name":"(anonymous_18)","decl":{"start":{"line":368,"column":10},"end":{"line":368,"column":34}},"loc":{"start":{"line":368,"column":63},"end":{"line":410,"column":null}},"line":368},"19":{"name":"(anonymous_19)","decl":{"start":{"line":412,"column":10},"end":{"line":412,"column":28}},"loc":{"start":{"line":412,"column":57},"end":{"line":456,"column":null}},"line":412},"20":{"name":"(anonymous_20)","decl":{"start":{"line":447,"column":44},"end":{"line":447,"column":50}},"loc":{"start":{"line":447,"column":50},"end":{"line":452,"column":7}},"line":447},"21":{"name":"(anonymous_21)","decl":{"start":{"line":458,"column":10},"end":{"line":458,"column":32}},"loc":{"start":{"line":458,"column":61},"end":{"line":483,"column":null}},"line":458},"22":{"name":"(anonymous_22)","decl":{"start":{"line":485,"column":10},"end":{"line":485,"column":32}},"loc":{"start":{"line":485,"column":61},"end":{"line":520,"column":null}},"line":485},"23":{"name":"(anonymous_23)","decl":{"start":{"line":524,"column":10},"end":{"line":524,"column":27}},"loc":{"start":{"line":524,"column":120},"end":{"line":560,"column":null}},"line":524},"24":{"name":"(anonymous_24)","decl":{"start":{"line":562,"column":10},"end":{"line":562,"column":24}},"loc":{"start":{"line":562,"column":46},"end":{"line":579,"column":null}},"line":562},"25":{"name":"(anonymous_25)","decl":{"start":{"line":581,"column":10},"end":{"line":581,"column":26}},"loc":{"start":{"line":581,"column":48},"end":{"line":601,"column":null}},"line":581},"26":{"name":"(anonymous_26)","decl":{"start":{"line":603,"column":10},"end":{"line":603,"column":25}},"loc":{"start":{"line":603,"column":47},"end":{"line":626,"column":null}},"line":603},"27":{"name":"(anonymous_27)","decl":{"start":{"line":628,"column":10},"end":{"line":628,"column":22}},"loc":{"start":{"line":628,"column":44},"end":{"line":649,"column":null}},"line":628},"28":{"name":"(anonymous_28)","decl":{"start":{"line":651,"column":10},"end":{"line":651,"column":22}},"loc":{"start":{"line":651,"column":44},"end":{"line":678,"column":null}},"line":651},"29":{"name":"(anonymous_29)","decl":{"start":{"line":680,"column":10},"end":{"line":680,"column":19}},"loc":{"start":{"line":680,"column":41},"end":{"line":697,"column":null}},"line":680}},"branchMap":{"0":{"loc":{"start":{"line":68,"column":37},"end":{"line":68,"column":83}},"type":"default-arg","locations":[{"start":{"line":68,"column":64},"end":{"line":68,"column":83}}],"line":68},"1":{"loc":{"start":{"line":82,"column":4},"end":{"line":110,"column":null}},"type":"switch","locations":[{"start":{"line":83,"column":6},"end":{"line":85,"column":null}},{"start":{"line":86,"column":6},"end":{"line":88,"column":null}},{"start":{"line":89,"column":6},"end":{"line":91,"column":null}},{"start":{"line":92,"column":6},"end":{"line":94,"column":null}},{"start":{"line":95,"column":6},"end":{"line":97,"column":null}},{"start":{"line":98,"column":6},"end":{"line":100,"column":null}},{"start":{"line":101,"column":6},"end":{"line":103,"column":null}},{"start":{"line":104,"column":6},"end":{"line":106,"column":null}},{"start":{"line":107,"column":6},"end":{"line":109,"column":null}}],"line":82},"2":{"loc":{"start":{"line":116,"column":41},"end":{"line":116,"column":87}},"type":"default-arg","locations":[{"start":{"line":116,"column":68},"end":{"line":116,"column":87}}],"line":116},"3":{"loc":{"start":{"line":123,"column":7},"end":{"line":123,"column":34}},"type":"default-arg","locations":[{"start":{"line":123,"column":25},"end":{"line":123,"column":34}}],"line":123},"4":{"loc":{"start":{"line":141,"column":8},"end":{"line":143,"column":null}},"type":"if","locations":[{"start":{"line":141,"column":8},"end":{"line":143,"column":null}},{"start":{},"end":{}}],"line":141},"5":{"loc":{"start":{"line":217,"column":4},"end":{"line":225,"column":null}},"type":"if","locations":[{"start":{"line":217,"column":4},"end":{"line":225,"column":null}},{"start":{},"end":{}}],"line":217},"6":{"loc":{"start":{"line":219,"column":8},"end":{"line":219,"column":null}},"type":"if","locations":[{"start":{"line":219,"column":8},"end":{"line":219,"column":null}},{"start":{},"end":{}}],"line":219},"7":{"loc":{"start":{"line":220,"column":8},"end":{"line":222,"column":null}},"type":"if","locations":[{"start":{"line":220,"column":8},"end":{"line":222,"column":null}},{"start":{},"end":{}}],"line":220},"8":{"loc":{"start":{"line":274,"column":6},"end":{"line":274,"column":null}},"type":"if","locations":[{"start":{"line":274,"column":6},"end":{"line":274,"column":null}},{"start":{},"end":{}}],"line":274},"9":{"loc":{"start":{"line":275,"column":6},"end":{"line":277,"column":null}},"type":"if","locations":[{"start":{"line":275,"column":6},"end":{"line":277,"column":null}},{"start":{},"end":{}}],"line":275},"10":{"loc":{"start":{"line":289,"column":6},"end":{"line":289,"column":null}},"type":"if","locations":[{"start":{"line":289,"column":6},"end":{"line":289,"column":null}},{"start":{},"end":{}}],"line":289},"11":{"loc":{"start":{"line":291,"column":8},"end":{"line":291,"column":30}},"type":"binary-expr","locations":[{"start":{"line":291,"column":8},"end":{"line":291,"column":25}},{"start":{"line":291,"column":25},"end":{"line":291,"column":30}}],"line":291},"12":{"loc":{"start":{"line":340,"column":6},"end":{"line":340,"column":null}},"type":"if","locations":[{"start":{"line":340,"column":6},"end":{"line":340,"column":null}},{"start":{},"end":{}}],"line":340},"13":{"loc":{"start":{"line":341,"column":6},"end":{"line":343,"column":null}},"type":"if","locations":[{"start":{"line":341,"column":6},"end":{"line":343,"column":null}},{"start":{},"end":{}}],"line":341},"14":{"loc":{"start":{"line":358,"column":6},"end":{"line":358,"column":null}},"type":"if","locations":[{"start":{"line":358,"column":6},"end":{"line":358,"column":null}},{"start":{},"end":{}}],"line":358},"15":{"loc":{"start":{"line":359,"column":6},"end":{"line":361,"column":null}},"type":"if","locations":[{"start":{"line":359,"column":6},"end":{"line":361,"column":null}},{"start":{},"end":{}}],"line":359},"16":{"loc":{"start":{"line":448,"column":6},"end":{"line":448,"column":null}},"type":"if","locations":[{"start":{"line":448,"column":6},"end":{"line":448,"column":null}},{"start":{},"end":{}}],"line":448},"17":{"loc":{"start":{"line":449,"column":6},"end":{"line":451,"column":null}},"type":"if","locations":[{"start":{"line":449,"column":6},"end":{"line":451,"column":null}},{"start":{},"end":{}}],"line":449}},"s":{"0":0,"1":0,"2":0,"3":0,"4":0,"5":0,"6":0,"7":0,"8":0,"9":0,"10":0,"11":0,"12":0,"13":0,"14":0,"15":0,"16":0,"17":0,"18":0,"19":0,"20":0,"21":0,"22":0,"23":0,"24":0,"25":0,"26":0,"27":0,"28":0,"29":0,"30":0,"31":0,"32":0,"33":0,"34":0,"35":0,"36":0,"37":0,"38":0,"39":0,"40":0,"41":0,"42":0,"43":0,"44":0,"45":0,"46":0,"47":0,"48":0,"49":0,"50":0,"51":0,"52":0,"53":0,"54":0,"55":0,"56":0,"57":0,"58":0,"59":0,"60":0,"61":0,"62":0,"63":0,"64":0,"65":0,"66":0,"67":0,"68":0,"69":0,"70":0,"71":0,"72":0,"73":0,"74":0,"75":0,"76":0,"77":0,"78":0,"79":0,"80":0,"81":0,"82":0,"83":0,"84":0,"85":0,"86":0,"87":0,"88":0,"89":0,"90":0,"91":0,"92":0,"93":0,"94":0,"95":0,"96":0,"97":0,"98":0,"99":0,"100":0,"101":0,"102":0,"103":0,"104":0,"105":0,"106":0,"107":0,"108":0,"109":0,"110":0,"111":0,"112":0,"113":0,"114":0,"115":0,"116":0,"117":0,"118":0,"119":0,"120":0,"121":0,"122":0,"123":0,"124":0,"125":0,"126":0,"127":0,"128":0,"129":0,"130":0,"131":0,"132":0,"133":0,"134":0,"135":0,"136":0,"137":0,"138":0,"139":0,"140":0,"141":0,"142":0,"143":0,"144":0,"145":0,"146":0,"147":0,"148":0,"149":0,"150":0,"151":0,"152":0,"153":0,"154":0,"155":0,"156":0,"157":0,"158":0,"159":0,"160":0,"161":0,"162":0,"163":0,"164":0,"165":0,"166":0,"167":0,"168":0,"169":0,"170":0,"171":0,"172":0,"173":0,"174":0,"175":0,"176":0,"177":0,"178":0,"179":0,"180":0,"181":0,"182":0,"183":0,"184":0,"185":0,"186":0,"187":0,"188":0,"189":0,"190":0,"191":0,"192":0,"193":0,"194":0,"195":0,"196":0,"197":0,"198":0,"199":0,"200":0,"201":0,"202":0,"203":0,"204":0,"205":0,"206":0,"207":0,"208":0,"209":0,"210":0,"211":0,"212":0,"213":0,"214":0,"215":0,"216":0,"217":0,"218":0,"219":0,"220":0,"221":0,"222":0,"223":0,"224":0,"225":0,"226":0,"227":0,"228":0,"229":0,"230":0,"231":0,"232":0,"233":0,"234":0,"235":0,"236":0,"237":0,"238":0,"239":0,"240":0,"241":0,"242":0,"243":0,"244":0,"245":0,"246":0,"247":0,"248":0,"249":0,"250":0,"251":0,"252":0,"253":0,"254":0,"255":0,"256":0,"257":0,"258":0,"259":0,"260":0,"261":0,"262":0,"263":0,"264":0,"265":0,"266":0,"267":0,"268":0,"269":0,"270":0,"271":0,"272":0,"273":0,"274":0,"275":0,"276":0,"277":0,"278":0,"279":0,"280":0,"281":0,"282":0,"283":0,"284":0,"285":0,"286":0,"287":0,"288":0,"289":0,"290":0,"291":0,"292":0,"293":0,"294":0,"295":0,"296":0,"297":0,"298":0,"299":0,"300":0,"301":0,"302":0,"303":0,"304":0,"305":0,"306":0,"307":0,"308":0,"309":0,"310":0,"311":0,"312":0,"313":0,"314":0,"315":0,"316":0,"317":0,"318":0,"319":0,"320":0,"321":0,"322":0,"323":0,"324":0,"325":0,"326":0,"327":0,"328":0,"329":0,"330":0,"331":0,"332":0,"333":0,"334":0,"335":0,"336":0,"337":0,"338":0,"339":0,"340":0,"341":0,"342":0,"343":0,"344":0,"345":0,"346":0,"347":0,"348":0,"349":0,"350":0,"351":0,"352":0,"353":0,"354":0,"355":0,"356":0,"357":0,"358":0,"359":0,"360":0,"361":0,"362":0,"363":0,"364":0,"365":0,"366":0,"367":0,"368":0,"369":0,"370":0,"371":0,"372":0,"373":0,"374":0,"375":0,"376":0},"f":{"0":0,"1":0,"2":0,"3":0,"4":0,"5":0,"6":0,"7":0,"8":0,"9":0,"10":0,"11":0,"12":0,"13":0,"14":0,"15":0,"16":0,"17":0,"18":0,"19":0,"20":0,"21":0,"22":0,"23":0,"24":0,"25":0,"26":0,"27":0,"28":0,"29":0},"b":{"0":[0],"1":[0,0,0,0,0,0,0,0,0],"2":[0],"3":[0],"4":[0,0],"5":[0,0],"6":[0,0],"7":[0,0],"8":[0,0],"9":[0,0],"10":[0,0],"11":[0,0],"12":[0,0],"13":[0,0],"14":[0,0],"15":[0,0],"16":[0,0],"17":[0,0]},"meta":{"lastBranch":18,"lastFunction":30,"lastStatement":377,"seen":{"s:57:34:57:Infinity":0,"s:59:31:59:Infinity":1,"f:61:2:61:16":0,"s:62:4:62:Infinity":2,"f:68:8:68:13":1,"b:68:64:68:83":0,"s:69:4:69:Infinity":3,"s:71:17:78:Infinity":4,"s:80:4:80:Infinity":5,"b:83:6:85:Infinity:86:6:88:Infinity:89:6:91:Infinity:92:6:94:Infinity:95:6:97:Infinity:98:6:100:Infinity:101:6:103:Infinity:104:6:106:Infinity:107:6:109:Infinity":1,"s:82:4:110:Infinity":6,"s:84:8:84:Infinity":7,"s:85:8:85:Infinity":8,"s:87:8:87:Infinity":9,"s:88:8:88:Infinity":10,"s:90:8:90:Infinity":11,"s:91:8:91:Infinity":12,"s:93:8:93:Infinity":13,"s:94:8:94:Infinity":14,"s:96:8:96:Infinity":15,"s:97:8:97:Infinity":16,"s:99:8:99:Infinity":17,"s:100:8:100:Infinity":18,"s:102:8:102:Infinity":19,"s:103:8:103:Infinity":20,"s:105:8:105:Infinity":21,"s:106:8:106:Infinity":22,"s:108:8:108:Infinity":23,"s:109:8:109:Infinity":24,"f:116:8:116:17":2,"b:116:68:116:87":2,"s:117:4:117:Infinity":25,"f:123:2:123:7":3,"b:123:25:123:34":3,"s:124:10:124:Infinity":26,"s:125:16:125:Infinity":27,"s:127:4:127:Infinity":28,"s:129:4:148:Infinity":29,"s:131:6:134:Infinity":30,"s:132:8:132:Infinity":31,"s:133:8:133:Infinity":32,"s:137:6:147:Infinity":33,"f:137:17:137:23":4,"s:138:8:140:Infinity":34,"s:139:10:139:Infinity":35,"s:139:16:139:28":36,"b:141:8:143:Infinity:undefined:undefined:undefined:undefined":4,"s:141:8:143:Infinity":37,"s:142:10:142:Infinity":38,"s:142:16:142:42":39,"s:144:8:146:Infinity":40,"s:145:10:145:Infinity":41,"s:150:4:150:Infinity":42,"f:156:2:156:12":5,"s:157:10:157:Infinity":43,"s:158:4:158:Infinity":44,"f:163:10:163:32":6,"s:164:10:164:Infinity":45,"s:165:31:165:Infinity":46,"s:168:21:168:Infinity":47,"s:171:21:171:Infinity":48,"s:172:4:172:Infinity":49,"s:173:4:173:Infinity":50,"s:175:22:175:Infinity":51,"s:176:4:176:Infinity":52,"s:177:4:177:Infinity":53,"s:180:19:180:Infinity":54,"s:181:4:181:Infinity":55,"s:182:4:182:Infinity":56,"s:184:20:184:Infinity":57,"s:185:4:185:Infinity":58,"s:186:4:186:Infinity":59,"s:189:16:189:Infinity":60,"s:190:4:190:Infinity":61,"s:191:4:191:Infinity":62,"s:193:20:193:Infinity":63,"s:194:4:194:Infinity":64,"s:196:4:196:Infinity":65,"s:197:4:197:Infinity":66,"s:200:4:200:Infinity":67,"s:201:4:201:Infinity":68,"s:202:4:202:Infinity":69,"s:203:4:203:Infinity":70,"s:206:4:206:Infinity":71,"s:207:4:207:Infinity":72,"s:208:4:208:Infinity":73,"s:210:4:210:Infinity":74,"s:211:4:211:Infinity":75,"s:214:4:214:Infinity":76,"b:217:4:225:Infinity:undefined:undefined:undefined:undefined":5,"s:217:4:225:Infinity":77,"s:218:30:223:Infinity":78,"f:218:49:218:55":7,"b:219:8:219:Infinity:undefined:undefined:undefined:undefined":6,"s:219:8:219:Infinity":79,"s:219:29:219:Infinity":80,"b:220:8:222:Infinity:undefined:undefined:undefined:undefined":7,"s:220:8:222:Infinity":81,"s:221:10:221:Infinity":82,"s:224:6:224:Infinity":83,"s:227:4:227:Infinity":84,"f:230:10:230:28":8,"s:231:10:231:Infinity":85,"s:232:31:232:Infinity":86,"s:235:21:235:Infinity":87,"s:236:4:236:Infinity":88,"s:237:4:237:Infinity":89,"s:239:24:239:Infinity":90,"s:240:4:240:Infinity":91,"s:241:4:241:Infinity":92,"s:242:4:242:Infinity":93,"s:244:22:244:Infinity":94,"s:245:4:245:Infinity":95,"s:246:4:246:Infinity":96,"s:249:22:249:Infinity":97,"s:250:4:250:Infinity":98,"s:251:4:251:Infinity":99,"s:253:23:253:Infinity":100,"s:254:4:254:Infinity":101,"s:255:4:255:Infinity":102,"s:258:4:258:Infinity":103,"s:259:4:259:Infinity":104,"s:260:4:260:Infinity":105,"s:262:4:262:Infinity":106,"s:263:4:263:Infinity":107,"s:266:4:266:Infinity":108,"s:267:4:267:Infinity":109,"s:269:4:269:Infinity":110,"s:270:4:270:Infinity":111,"s:273:26:278:Infinity":112,"f:273:45:273:51":9,"b:274:6:274:Infinity:undefined:undefined:undefined:undefined":8,"s:274:6:274:Infinity":113,"s:274:27:274:Infinity":114,"b:275:6:277:Infinity:undefined:undefined:undefined:undefined":9,"s:275:6:277:Infinity":115,"s:276:8:276:Infinity":116,"s:279:4:279:Infinity":117,"s:281:4:281:Infinity":118,"f:284:10:284:30":10,"s:285:31:285:Infinity":119,"s:288:25:291:Infinity":120,"f:288:44:288:50":11,"b:289:6:289:Infinity:undefined:undefined:undefined:undefined":10,"s:289:6:289:Infinity":121,"s:289:27:289:Infinity":122,"s:290:6:290:Infinity":123,"b:291:8:291:25:291:25:291:30":11,"s:293:4:293:Infinity":124,"s:296:4:296:Infinity":125,"f:296:15:296:21":12,"s:296:21:296:64":126,"s:298:4:298:Infinity":127,"f:301:10:301:40":13,"s:302:10:302:Infinity":128,"s:303:31:303:Infinity":129,"s:306:24:306:Infinity":130,"s:308:4:336:Infinity":131,"f:308:24:308:25":14,"s:309:18:309:Infinity":132,"s:310:6:310:Infinity":133,"s:311:6:311:Infinity":134,"s:313:19:313:Infinity":135,"s:314:6:314:Infinity":136,"s:315:6:315:Infinity":137,"s:318:18:318:Infinity":138,"s:319:6:319:Infinity":139,"s:320:6:320:Infinity":140,"s:322:22:322:Infinity":141,"s:323:6:323:Infinity":142,"s:325:6:325:Infinity":143,"s:326:6:326:Infinity":144,"s:328:6:328:Infinity":145,"s:329:6:329:Infinity":146,"s:331:6:331:Infinity":147,"s:332:6:332:Infinity":148,"s:334:6:334:Infinity":149,"s:335:6:335:Infinity":150,"s:339:28:344:Infinity":151,"f:339:47:339:53":15,"b:340:6:340:Infinity:undefined:undefined:undefined:undefined":12,"s:340:6:340:Infinity":152,"s:340:27:340:Infinity":153,"b:341:6:343:Infinity:undefined:undefined:undefined:undefined":13,"s:341:6:343:Infinity":154,"s:342:8:342:Infinity":155,"s:345:4:345:Infinity":156,"s:347:4:347:Infinity":157,"f:350:10:350:35":16,"s:351:31:351:Infinity":158,"s:354:4:354:Infinity":159,"s:357:28:362:Infinity":160,"f:357:47:357:53":17,"b:358:6:358:Infinity:undefined:undefined:undefined:undefined":14,"s:358:6:358:Infinity":161,"s:358:27:358:Infinity":162,"b:359:6:361:Infinity:undefined:undefined:undefined:undefined":15,"s:359:6:361:Infinity":163,"s:360:8:360:Infinity":164,"s:363:4:363:Infinity":165,"s:365:4:365:Infinity":166,"f:368:10:368:34":18,"s:369:10:369:Infinity":167,"s:370:31:370:Infinity":168,"s:373:23:373:Infinity":169,"s:374:4:374:Infinity":170,"s:375:4:375:Infinity":171,"s:376:4:376:Infinity":172,"s:378:26:378:Infinity":173,"s:379:4:379:Infinity":174,"s:380:4:380:Infinity":175,"s:382:24:382:Infinity":176,"s:383:4:383:Infinity":177,"s:384:4:384:Infinity":178,"s:387:22:387:Infinity":179,"s:388:4:388:Infinity":180,"s:389:4:389:Infinity":181,"s:391:23:391:Infinity":182,"s:392:4:392:Infinity":183,"s:393:4:393:Infinity":184,"s:396:4:396:Infinity":185,"s:397:4:397:Infinity":186,"s:398:4:398:Infinity":187,"s:400:4:400:Infinity":188,"s:401:4:401:Infinity":189,"s:403:4:403:Infinity":190,"s:404:4:404:Infinity":191,"s:406:4:406:Infinity":192,"s:407:4:407:Infinity":193,"s:409:4:409:Infinity":194,"f:412:10:412:28":19,"s:413:10:413:Infinity":195,"s:414:31:414:Infinity":196,"s:417:21:417:Infinity":197,"s:418:4:418:Infinity":198,"s:419:4:419:Infinity":199,"s:421:22:421:Infinity":200,"s:422:4:422:Infinity":201,"s:423:4:423:Infinity":202,"s:426:21:426:Infinity":203,"s:427:4:427:Infinity":204,"s:428:4:428:Infinity":205,"s:430:22:430:Infinity":206,"s:431:4:431:Infinity":207,"s:432:4:432:Infinity":208,"s:434:4:434:Infinity":209,"s:435:4:435:Infinity":210,"s:437:4:437:Infinity":211,"s:438:4:438:Infinity":212,"s:440:4:440:Infinity":213,"s:441:4:441:Infinity":214,"s:443:4:443:Infinity":215,"s:444:4:444:Infinity":216,"s:447:25:452:Infinity":217,"f:447:44:447:50":20,"b:448:6:448:Infinity:undefined:undefined:undefined:undefined":16,"s:448:6:448:Infinity":218,"s:448:27:448:Infinity":219,"b:449:6:451:Infinity:undefined:undefined:undefined:undefined":17,"s:449:6:451:Infinity":220,"s:450:8:450:Infinity":221,"s:453:4:453:Infinity":222,"s:455:4:455:Infinity":223,"f:458:10:458:32":21,"s:459:10:459:Infinity":224,"s:460:31:460:Infinity":225,"s:463:4:463:Infinity":226,"s:466:20:466:Infinity":227,"s:467:4:467:Infinity":228,"s:468:4:468:Infinity":229,"s:470:21:470:Infinity":230,"s:471:4:471:Infinity":231,"s:472:4:472:Infinity":232,"s:474:4:474:Infinity":233,"s:475:4:475:Infinity":234,"s:477:4:477:Infinity":235,"s:479:4:479:Infinity":236,"s:480:4:480:Infinity":237,"s:482:4:482:Infinity":238,"f:485:10:485:32":22,"s:486:10:486:Infinity":239,"s:487:31:487:Infinity":240,"s:490:22:490:Infinity":241,"s:491:4:491:Infinity":242,"s:492:4:492:Infinity":243,"s:494:23:494:Infinity":244,"s:495:4:495:Infinity":245,"s:496:4:496:Infinity":246,"s:499:25:499:Infinity":247,"s:500:4:500:Infinity":248,"s:501:4:501:Infinity":249,"s:503:26:503:Infinity":250,"s:504:4:504:Infinity":251,"s:505:4:505:Infinity":252,"s:507:4:507:Infinity":253,"s:508:4:508:Infinity":254,"s:510:4:510:Infinity":255,"s:511:4:511:Infinity":256,"s:513:4:513:Infinity":257,"s:514:4:514:Infinity":258,"s:516:4:516:Infinity":259,"s:517:4:517:Infinity":260,"s:519:4:519:Infinity":261,"f:524:10:524:27":23,"s:525:10:525:Infinity":262,"s:527:23:527:Infinity":263,"s:528:19:528:Infinity":264,"s:529:17:529:Infinity":265,"s:531:4:533:Infinity":266,"s:531:17:531:20":267,"s:532:6:532:Infinity":268,"s:535:18:535:Infinity":269,"s:536:4:536:Infinity":270,"s:537:4:537:Infinity":271,"s:539:20:539:Infinity":272,"s:540:4:540:Infinity":273,"s:541:4:541:Infinity":274,"s:543:21:543:Infinity":275,"s:544:4:544:Infinity":276,"s:545:4:545:Infinity":277,"s:547:17:547:Infinity":278,"s:548:4:548:Infinity":279,"s:549:4:549:Infinity":280,"s:551:4:551:Infinity":281,"s:552:4:552:Infinity":282,"s:553:4:553:Infinity":283,"s:554:4:554:Infinity":284,"s:556:4:556:Infinity":285,"s:558:4:558:Infinity":286,"s:559:4:559:Infinity":287,"f:562:10:562:24":24,"s:563:10:563:Infinity":288,"s:565:16:565:Infinity":289,"s:566:4:566:Infinity":290,"s:567:4:567:Infinity":291,"s:568:4:568:Infinity":292,"s:570:17:570:Infinity":293,"s:571:4:571:Infinity":294,"s:572:4:572:Infinity":295,"s:574:4:574:Infinity":296,"s:575:4:575:Infinity":297,"s:577:4:577:Infinity":298,"s:578:4:578:Infinity":299,"f:581:10:581:26":25,"s:582:10:582:Infinity":300,"s:584:24:584:Infinity":301,"s:585:17:585:Infinity":302,"s:587:16:587:Infinity":303,"s:588:4:588:Infinity":304,"s:589:4:589:Infinity":305,"s:591:17:591:Infinity":306,"s:592:4:592:Infinity":307,"s:593:4:593:Infinity":308,"s:594:4:594:Infinity":309,"s:596:4:596:Infinity":310,"s:597:4:597:Infinity":311,"s:599:4:599:Infinity":312,"s:600:4:600:Infinity":313,"f:603:10:603:25":26,"s:604:10:604:Infinity":314,"s:606:16:606:Infinity":315,"s:607:4:607:Infinity":316,"s:608:4:608:Infinity":317,"s:609:4:609:Infinity":318,"s:611:19:611:Infinity":319,"s:612:4:612:Infinity":320,"s:613:4:613:Infinity":321,"s:614:4:614:Infinity":322,"s:616:17:616:Infinity":323,"s:617:4:617:Infinity":324,"s:618:4:618:Infinity":325,"s:620:4:620:Infinity":326,"s:621:4:621:Infinity":327,"s:622:4:622:Infinity":328,"s:624:4:624:Infinity":329,"s:625:4:625:Infinity":330,"f:628:10:628:22":27,"s:629:10:629:Infinity":331,"s:631:21:631:Infinity":332,"s:633:4:648:Infinity":333,"s:633:17:633:20":334,"s:634:18:634:Infinity":335,"s:635:6:635:Infinity":336,"s:636:6:636:Infinity":337,"s:638:19:638:Infinity":338,"s:639:6:639:Infinity":339,"s:640:6:640:Infinity":340,"s:641:6:641:Infinity":341,"s:643:6:643:Infinity":342,"s:644:6:644:Infinity":343,"s:646:6:646:Infinity":344,"s:647:6:647:Infinity":345,"f:651:10:651:22":28,"s:652:10:652:Infinity":346,"s:654:23:654:Infinity":347,"s:655:19:655:Infinity":348,"s:656:17:656:Infinity":349,"s:658:4:660:Infinity":350,"s:658:17:658:20":351,"s:659:6:659:Infinity":352,"s:662:18:662:Infinity":353,"s:663:4:663:Infinity":354,"s:665:19:665:Infinity":355,"s:666:4:666:Infinity":356,"s:667:4:667:Infinity":357,"s:669:17:669:Infinity":358,"s:670:4:670:Infinity":359,"s:671:4:671:Infinity":360,"s:673:4:673:Infinity":361,"s:674:4:674:Infinity":362,"s:675:4:675:Infinity":363,"s:677:4:677:Infinity":364,"f:680:10:680:19":29,"s:681:10:681:Infinity":365,"s:683:16:683:Infinity":366,"s:684:4:684:Infinity":367,"s:685:4:685:Infinity":368,"s:687:17:687:Infinity":369,"s:688:4:688:Infinity":370,"s:689:4:689:Infinity":371,"s:690:4:690:Infinity":372,"s:692:4:692:Infinity":373,"s:693:4:693:Infinity":374,"s:695:4:695:Infinity":375,"s:696:4:696:Infinity":376}}}
,"/Users/veronica.ray/src/github.com/mathonsunday/music-playground/src/ambience/sound-effects.ts": {"path":"/Users/veronica.ray/src/github.com/mathonsunday/music-playground/src/ambience/sound-effects.ts","statementMap":{"0":{"start":{"line":39,"column":27},"end":{"line":39,"column":null}},"1":{"start":{"line":42,"column":4},"end":{"line":42,"column":null}},"2":{"start":{"line":43,"column":4},"end":{"line":43,"column":null}},"3":{"start":{"line":47,"column":4},"end":{"line":47,"column":null}},"4":{"start":{"line":51,"column":4},"end":{"line":51,"column":null}},"5":{"start":{"line":53,"column":4},"end":{"line":102,"column":null}},"6":{"start":{"line":55,"column":8},"end":{"line":55,"column":null}},"7":{"start":{"line":56,"column":8},"end":{"line":56,"column":null}},"8":{"start":{"line":58,"column":8},"end":{"line":58,"column":null}},"9":{"start":{"line":59,"column":8},"end":{"line":59,"column":null}},"10":{"start":{"line":61,"column":8},"end":{"line":61,"column":null}},"11":{"start":{"line":62,"column":8},"end":{"line":62,"column":null}},"12":{"start":{"line":64,"column":8},"end":{"line":64,"column":null}},"13":{"start":{"line":65,"column":8},"end":{"line":65,"column":null}},"14":{"start":{"line":67,"column":8},"end":{"line":67,"column":null}},"15":{"start":{"line":68,"column":8},"end":{"line":68,"column":null}},"16":{"start":{"line":70,"column":8},"end":{"line":70,"column":null}},"17":{"start":{"line":71,"column":8},"end":{"line":71,"column":null}},"18":{"start":{"line":73,"column":8},"end":{"line":73,"column":null}},"19":{"start":{"line":74,"column":8},"end":{"line":74,"column":null}},"20":{"start":{"line":76,"column":8},"end":{"line":76,"column":null}},"21":{"start":{"line":77,"column":8},"end":{"line":77,"column":null}},"22":{"start":{"line":79,"column":8},"end":{"line":79,"column":null}},"23":{"start":{"line":80,"column":8},"end":{"line":80,"column":null}},"24":{"start":{"line":82,"column":8},"end":{"line":82,"column":null}},"25":{"start":{"line":83,"column":8},"end":{"line":83,"column":null}},"26":{"start":{"line":85,"column":8},"end":{"line":85,"column":null}},"27":{"start":{"line":86,"column":8},"end":{"line":86,"column":null}},"28":{"start":{"line":88,"column":8},"end":{"line":88,"column":null}},"29":{"start":{"line":89,"column":8},"end":{"line":89,"column":null}},"30":{"start":{"line":91,"column":8},"end":{"line":91,"column":null}},"31":{"start":{"line":92,"column":8},"end":{"line":92,"column":null}},"32":{"start":{"line":94,"column":8},"end":{"line":94,"column":null}},"33":{"start":{"line":95,"column":8},"end":{"line":95,"column":null}},"34":{"start":{"line":97,"column":8},"end":{"line":97,"column":null}},"35":{"start":{"line":98,"column":8},"end":{"line":98,"column":null}},"36":{"start":{"line":100,"column":8},"end":{"line":100,"column":null}},"37":{"start":{"line":101,"column":8},"end":{"line":101,"column":null}},"38":{"start":{"line":106,"column":10},"end":{"line":106,"column":null}},"39":{"start":{"line":107,"column":16},"end":{"line":107,"column":null}},"40":{"start":{"line":109,"column":16},"end":{"line":109,"column":null}},"41":{"start":{"line":110,"column":4},"end":{"line":110,"column":null}},"42":{"start":{"line":111,"column":4},"end":{"line":111,"column":null}},"43":{"start":{"line":112,"column":4},"end":{"line":112,"column":null}},"44":{"start":{"line":114,"column":17},"end":{"line":114,"column":null}},"45":{"start":{"line":115,"column":4},"end":{"line":115,"column":null}},"46":{"start":{"line":116,"column":4},"end":{"line":116,"column":null}},"47":{"start":{"line":118,"column":4},"end":{"line":118,"column":null}},"48":{"start":{"line":119,"column":4},"end":{"line":119,"column":null}},"49":{"start":{"line":121,"column":4},"end":{"line":121,"column":null}},"50":{"start":{"line":122,"column":4},"end":{"line":122,"column":null}},"51":{"start":{"line":127,"column":4},"end":{"line":143,"column":null}},"52":{"start":{"line":128,"column":12},"end":{"line":128,"column":null}},"53":{"start":{"line":129,"column":18},"end":{"line":129,"column":null}},"54":{"start":{"line":130,"column":6},"end":{"line":130,"column":null}},"55":{"start":{"line":131,"column":6},"end":{"line":131,"column":null}},"56":{"start":{"line":132,"column":6},"end":{"line":132,"column":null}},"57":{"start":{"line":134,"column":19},"end":{"line":134,"column":null}},"58":{"start":{"line":135,"column":6},"end":{"line":135,"column":null}},"59":{"start":{"line":136,"column":6},"end":{"line":136,"column":null}},"60":{"start":{"line":138,"column":6},"end":{"line":138,"column":null}},"61":{"start":{"line":139,"column":6},"end":{"line":139,"column":null}},"62":{"start":{"line":141,"column":6},"end":{"line":141,"column":null}},"63":{"start":{"line":142,"column":6},"end":{"line":142,"column":null}},"64":{"start":{"line":147,"column":10},"end":{"line":147,"column":null}},"65":{"start":{"line":148,"column":16},"end":{"line":148,"column":null}},"66":{"start":{"line":150,"column":4},"end":{"line":165,"column":null}},"67":{"start":{"line":151,"column":18},"end":{"line":151,"column":null}},"68":{"start":{"line":152,"column":6},"end":{"line":152,"column":null}},"69":{"start":{"line":153,"column":6},"end":{"line":153,"column":null}},"70":{"start":{"line":155,"column":19},"end":{"line":155,"column":null}},"71":{"start":{"line":156,"column":6},"end":{"line":156,"column":null}},"72":{"start":{"line":157,"column":6},"end":{"line":157,"column":null}},"73":{"start":{"line":158,"column":6},"end":{"line":158,"column":null}},"74":{"start":{"line":160,"column":6},"end":{"line":160,"column":null}},"75":{"start":{"line":161,"column":6},"end":{"line":161,"column":null}},"76":{"start":{"line":163,"column":6},"end":{"line":163,"column":null}},"77":{"start":{"line":164,"column":6},"end":{"line":164,"column":null}},"78":{"start":{"line":169,"column":10},"end":{"line":169,"column":null}},"79":{"start":{"line":170,"column":16},"end":{"line":170,"column":null}},"80":{"start":{"line":172,"column":16},"end":{"line":172,"column":null}},"81":{"start":{"line":173,"column":4},"end":{"line":173,"column":null}},"82":{"start":{"line":174,"column":4},"end":{"line":174,"column":null}},"83":{"start":{"line":175,"column":4},"end":{"line":175,"column":null}},"84":{"start":{"line":177,"column":19},"end":{"line":177,"column":null}},"85":{"start":{"line":178,"column":4},"end":{"line":178,"column":null}},"86":{"start":{"line":179,"column":4},"end":{"line":179,"column":null}},"87":{"start":{"line":181,"column":17},"end":{"line":181,"column":null}},"88":{"start":{"line":182,"column":4},"end":{"line":182,"column":null}},"89":{"start":{"line":183,"column":4},"end":{"line":183,"column":null}},"90":{"start":{"line":184,"column":4},"end":{"line":184,"column":null}},"91":{"start":{"line":186,"column":4},"end":{"line":186,"column":null}},"92":{"start":{"line":187,"column":4},"end":{"line":187,"column":null}},"93":{"start":{"line":188,"column":4},"end":{"line":188,"column":null}},"94":{"start":{"line":190,"column":4},"end":{"line":190,"column":null}},"95":{"start":{"line":191,"column":4},"end":{"line":191,"column":null}},"96":{"start":{"line":195,"column":10},"end":{"line":195,"column":null}},"97":{"start":{"line":196,"column":16},"end":{"line":196,"column":null}},"98":{"start":{"line":198,"column":4},"end":{"line":213,"column":null}},"99":{"start":{"line":199,"column":18},"end":{"line":199,"column":null}},"100":{"start":{"line":200,"column":6},"end":{"line":200,"column":null}},"101":{"start":{"line":201,"column":6},"end":{"line":201,"column":null}},"102":{"start":{"line":203,"column":19},"end":{"line":203,"column":null}},"103":{"start":{"line":204,"column":6},"end":{"line":204,"column":null}},"104":{"start":{"line":205,"column":6},"end":{"line":205,"column":null}},"105":{"start":{"line":206,"column":6},"end":{"line":206,"column":null}},"106":{"start":{"line":208,"column":6},"end":{"line":208,"column":null}},"107":{"start":{"line":209,"column":6},"end":{"line":209,"column":null}},"108":{"start":{"line":211,"column":6},"end":{"line":211,"column":null}},"109":{"start":{"line":212,"column":6},"end":{"line":212,"column":null}},"110":{"start":{"line":217,"column":10},"end":{"line":217,"column":null}},"111":{"start":{"line":218,"column":16},"end":{"line":218,"column":null}},"112":{"start":{"line":220,"column":16},"end":{"line":220,"column":null}},"113":{"start":{"line":221,"column":4},"end":{"line":221,"column":null}},"114":{"start":{"line":222,"column":4},"end":{"line":222,"column":null}},"115":{"start":{"line":224,"column":17},"end":{"line":224,"column":null}},"116":{"start":{"line":225,"column":4},"end":{"line":225,"column":null}},"117":{"start":{"line":226,"column":4},"end":{"line":226,"column":null}},"118":{"start":{"line":228,"column":4},"end":{"line":228,"column":null}},"119":{"start":{"line":229,"column":4},"end":{"line":229,"column":null}},"120":{"start":{"line":231,"column":4},"end":{"line":231,"column":null}},"121":{"start":{"line":232,"column":4},"end":{"line":232,"column":null}},"122":{"start":{"line":236,"column":10},"end":{"line":236,"column":null}},"123":{"start":{"line":237,"column":16},"end":{"line":237,"column":null}},"124":{"start":{"line":239,"column":16},"end":{"line":239,"column":null}},"125":{"start":{"line":240,"column":4},"end":{"line":240,"column":null}},"126":{"start":{"line":241,"column":4},"end":{"line":241,"column":null}},"127":{"start":{"line":243,"column":17},"end":{"line":243,"column":null}},"128":{"start":{"line":244,"column":4},"end":{"line":244,"column":null}},"129":{"start":{"line":245,"column":4},"end":{"line":245,"column":null}},"130":{"start":{"line":247,"column":4},"end":{"line":247,"column":null}},"131":{"start":{"line":248,"column":4},"end":{"line":248,"column":null}},"132":{"start":{"line":250,"column":4},"end":{"line":250,"column":null}},"133":{"start":{"line":251,"column":4},"end":{"line":251,"column":null}},"134":{"start":{"line":255,"column":10},"end":{"line":255,"column":null}},"135":{"start":{"line":256,"column":16},"end":{"line":256,"column":null}},"136":{"start":{"line":258,"column":16},"end":{"line":258,"column":null}},"137":{"start":{"line":259,"column":4},"end":{"line":259,"column":null}},"138":{"start":{"line":260,"column":4},"end":{"line":260,"column":null}},"139":{"start":{"line":261,"column":4},"end":{"line":261,"column":null}},"140":{"start":{"line":263,"column":17},"end":{"line":263,"column":null}},"141":{"start":{"line":264,"column":4},"end":{"line":264,"column":null}},"142":{"start":{"line":265,"column":4},"end":{"line":265,"column":null}},"143":{"start":{"line":267,"column":4},"end":{"line":267,"column":null}},"144":{"start":{"line":268,"column":4},"end":{"line":268,"column":null}},"145":{"start":{"line":270,"column":4},"end":{"line":270,"column":null}},"146":{"start":{"line":271,"column":4},"end":{"line":271,"column":null}},"147":{"start":{"line":275,"column":10},"end":{"line":275,"column":null}},"148":{"start":{"line":276,"column":16},"end":{"line":276,"column":null}},"149":{"start":{"line":278,"column":16},"end":{"line":278,"column":null}},"150":{"start":{"line":279,"column":4},"end":{"line":279,"column":null}},"151":{"start":{"line":280,"column":4},"end":{"line":280,"column":null}},"152":{"start":{"line":281,"column":4},"end":{"line":281,"column":null}},"153":{"start":{"line":283,"column":17},"end":{"line":283,"column":null}},"154":{"start":{"line":284,"column":4},"end":{"line":284,"column":null}},"155":{"start":{"line":285,"column":4},"end":{"line":285,"column":null}},"156":{"start":{"line":287,"column":4},"end":{"line":287,"column":null}},"157":{"start":{"line":288,"column":4},"end":{"line":288,"column":null}},"158":{"start":{"line":290,"column":4},"end":{"line":290,"column":null}},"159":{"start":{"line":291,"column":4},"end":{"line":291,"column":null}},"160":{"start":{"line":295,"column":10},"end":{"line":295,"column":null}},"161":{"start":{"line":296,"column":16},"end":{"line":296,"column":null}},"162":{"start":{"line":299,"column":4},"end":{"line":314,"column":null}},"163":{"start":{"line":300,"column":18},"end":{"line":300,"column":null}},"164":{"start":{"line":301,"column":6},"end":{"line":301,"column":null}},"165":{"start":{"line":302,"column":6},"end":{"line":302,"column":null}},"166":{"start":{"line":304,"column":19},"end":{"line":304,"column":null}},"167":{"start":{"line":305,"column":6},"end":{"line":305,"column":null}},"168":{"start":{"line":306,"column":6},"end":{"line":306,"column":null}},"169":{"start":{"line":307,"column":6},"end":{"line":307,"column":null}},"170":{"start":{"line":309,"column":6},"end":{"line":309,"column":null}},"171":{"start":{"line":310,"column":6},"end":{"line":310,"column":null}},"172":{"start":{"line":312,"column":6},"end":{"line":312,"column":null}},"173":{"start":{"line":313,"column":6},"end":{"line":313,"column":null}},"174":{"start":{"line":318,"column":10},"end":{"line":318,"column":null}},"175":{"start":{"line":319,"column":16},"end":{"line":319,"column":null}},"176":{"start":{"line":321,"column":4},"end":{"line":340,"column":null}},"177":{"start":{"line":321,"column":17},"end":{"line":321,"column":20}},"178":{"start":{"line":322,"column":18},"end":{"line":322,"column":null}},"179":{"start":{"line":323,"column":6},"end":{"line":323,"column":null}},"180":{"start":{"line":324,"column":6},"end":{"line":324,"column":null}},"181":{"start":{"line":326,"column":21},"end":{"line":326,"column":null}},"182":{"start":{"line":327,"column":6},"end":{"line":327,"column":null}},"183":{"start":{"line":328,"column":6},"end":{"line":328,"column":null}},"184":{"start":{"line":330,"column":19},"end":{"line":330,"column":null}},"185":{"start":{"line":331,"column":6},"end":{"line":331,"column":null}},"186":{"start":{"line":332,"column":6},"end":{"line":332,"column":null}},"187":{"start":{"line":334,"column":6},"end":{"line":334,"column":null}},"188":{"start":{"line":335,"column":6},"end":{"line":335,"column":null}},"189":{"start":{"line":336,"column":6},"end":{"line":336,"column":null}},"190":{"start":{"line":338,"column":6},"end":{"line":338,"column":null}},"191":{"start":{"line":339,"column":6},"end":{"line":339,"column":null}},"192":{"start":{"line":344,"column":10},"end":{"line":344,"column":null}},"193":{"start":{"line":345,"column":16},"end":{"line":345,"column":null}},"194":{"start":{"line":347,"column":4},"end":{"line":361,"column":null}},"195":{"start":{"line":347,"column":17},"end":{"line":347,"column":20}},"196":{"start":{"line":348,"column":18},"end":{"line":348,"column":null}},"197":{"start":{"line":349,"column":6},"end":{"line":349,"column":null}},"198":{"start":{"line":350,"column":6},"end":{"line":350,"column":null}},"199":{"start":{"line":352,"column":19},"end":{"line":352,"column":null}},"200":{"start":{"line":353,"column":6},"end":{"line":353,"column":null}},"201":{"start":{"line":354,"column":6},"end":{"line":354,"column":null}},"202":{"start":{"line":356,"column":6},"end":{"line":356,"column":null}},"203":{"start":{"line":357,"column":6},"end":{"line":357,"column":null}},"204":{"start":{"line":359,"column":6},"end":{"line":359,"column":null}},"205":{"start":{"line":360,"column":6},"end":{"line":360,"column":null}},"206":{"start":{"line":365,"column":10},"end":{"line":365,"column":null}},"207":{"start":{"line":366,"column":16},"end":{"line":366,"column":null}},"208":{"start":{"line":368,"column":16},"end":{"line":368,"column":null}},"209":{"start":{"line":369,"column":4},"end":{"line":369,"column":null}},"210":{"start":{"line":370,"column":4},"end":{"line":370,"column":null}},"211":{"start":{"line":371,"column":4},"end":{"line":371,"column":null}},"212":{"start":{"line":373,"column":17},"end":{"line":373,"column":null}},"213":{"start":{"line":374,"column":4},"end":{"line":374,"column":null}},"214":{"start":{"line":375,"column":4},"end":{"line":375,"column":null}},"215":{"start":{"line":377,"column":4},"end":{"line":377,"column":null}},"216":{"start":{"line":378,"column":4},"end":{"line":378,"column":null}},"217":{"start":{"line":380,"column":4},"end":{"line":380,"column":null}},"218":{"start":{"line":381,"column":4},"end":{"line":381,"column":null}},"219":{"start":{"line":385,"column":10},"end":{"line":385,"column":null}},"220":{"start":{"line":386,"column":16},"end":{"line":386,"column":null}},"221":{"start":{"line":388,"column":16},"end":{"line":388,"column":null}},"222":{"start":{"line":389,"column":4},"end":{"line":389,"column":null}},"223":{"start":{"line":390,"column":4},"end":{"line":390,"column":null}},"224":{"start":{"line":391,"column":4},"end":{"line":391,"column":null}},"225":{"start":{"line":393,"column":17},"end":{"line":393,"column":null}},"226":{"start":{"line":394,"column":4},"end":{"line":394,"column":null}},"227":{"start":{"line":395,"column":4},"end":{"line":395,"column":null}},"228":{"start":{"line":397,"column":4},"end":{"line":397,"column":null}},"229":{"start":{"line":398,"column":4},"end":{"line":398,"column":null}},"230":{"start":{"line":400,"column":4},"end":{"line":400,"column":null}},"231":{"start":{"line":401,"column":4},"end":{"line":401,"column":null}},"232":{"start":{"line":405,"column":10},"end":{"line":405,"column":null}},"233":{"start":{"line":406,"column":16},"end":{"line":406,"column":null}},"234":{"start":{"line":409,"column":16},"end":{"line":409,"column":null}},"235":{"start":{"line":410,"column":4},"end":{"line":410,"column":null}},"236":{"start":{"line":411,"column":4},"end":{"line":411,"column":null}},"237":{"start":{"line":413,"column":17},"end":{"line":413,"column":null}},"238":{"start":{"line":414,"column":4},"end":{"line":414,"column":null}},"239":{"start":{"line":415,"column":4},"end":{"line":415,"column":null}},"240":{"start":{"line":416,"column":4},"end":{"line":416,"column":null}},"241":{"start":{"line":418,"column":4},"end":{"line":418,"column":null}},"242":{"start":{"line":419,"column":4},"end":{"line":419,"column":null}},"243":{"start":{"line":421,"column":4},"end":{"line":421,"column":null}},"244":{"start":{"line":422,"column":4},"end":{"line":422,"column":null}},"245":{"start":{"line":426,"column":10},"end":{"line":426,"column":null}},"246":{"start":{"line":427,"column":16},"end":{"line":427,"column":null}},"247":{"start":{"line":430,"column":16},"end":{"line":430,"column":null}},"248":{"start":{"line":431,"column":4},"end":{"line":431,"column":null}},"249":{"start":{"line":432,"column":4},"end":{"line":432,"column":null}},"250":{"start":{"line":433,"column":4},"end":{"line":433,"column":null}},"251":{"start":{"line":434,"column":4},"end":{"line":434,"column":null}},"252":{"start":{"line":435,"column":4},"end":{"line":435,"column":null}},"253":{"start":{"line":437,"column":17},"end":{"line":437,"column":null}},"254":{"start":{"line":438,"column":4},"end":{"line":438,"column":null}},"255":{"start":{"line":439,"column":4},"end":{"line":439,"column":null}},"256":{"start":{"line":440,"column":4},"end":{"line":440,"column":null}},"257":{"start":{"line":441,"column":4},"end":{"line":441,"column":null}},"258":{"start":{"line":443,"column":4},"end":{"line":443,"column":null}},"259":{"start":{"line":444,"column":4},"end":{"line":444,"column":null}},"260":{"start":{"line":446,"column":4},"end":{"line":446,"column":null}},"261":{"start":{"line":447,"column":4},"end":{"line":447,"column":null}}},"fnMap":{"0":{"name":"(anonymous_0)","decl":{"start":{"line":41,"column":2},"end":{"line":41,"column":14}},"loc":{"start":{"line":41,"column":36},"end":{"line":44,"column":null}},"line":41},"1":{"name":"(anonymous_1)","decl":{"start":{"line":46,"column":2},"end":{"line":46,"column":12}},"loc":{"start":{"line":46,"column":34},"end":{"line":48,"column":null}},"line":46},"2":{"name":"(anonymous_2)","decl":{"start":{"line":50,"column":8},"end":{"line":50,"column":13}},"loc":{"start":{"line":50,"column":51},"end":{"line":103,"column":null}},"line":50},"3":{"name":"(anonymous_3)","decl":{"start":{"line":105,"column":10},"end":{"line":105,"column":32}},"loc":{"start":{"line":105,"column":32},"end":{"line":123,"column":null}},"line":105},"4":{"name":"(anonymous_4)","decl":{"start":{"line":125,"column":10},"end":{"line":125,"column":34}},"loc":{"start":{"line":125,"column":34},"end":{"line":144,"column":null}},"line":125},"5":{"name":"(anonymous_5)","decl":{"start":{"line":127,"column":15},"end":{"line":127,"column":21}},"loc":{"start":{"line":127,"column":21},"end":{"line":143,"column":7}},"line":127},"6":{"name":"(anonymous_6)","decl":{"start":{"line":146,"column":10},"end":{"line":146,"column":35}},"loc":{"start":{"line":146,"column":35},"end":{"line":166,"column":null}},"line":146},"7":{"name":"(anonymous_7)","decl":{"start":{"line":150,"column":28},"end":{"line":150,"column":29}},"loc":{"start":{"line":150,"column":41},"end":{"line":165,"column":5}},"line":150},"8":{"name":"(anonymous_8)","decl":{"start":{"line":168,"column":10},"end":{"line":168,"column":28}},"loc":{"start":{"line":168,"column":28},"end":{"line":192,"column":null}},"line":168},"9":{"name":"(anonymous_9)","decl":{"start":{"line":194,"column":10},"end":{"line":194,"column":30}},"loc":{"start":{"line":194,"column":30},"end":{"line":214,"column":null}},"line":194},"10":{"name":"(anonymous_10)","decl":{"start":{"line":198,"column":28},"end":{"line":198,"column":29}},"loc":{"start":{"line":198,"column":41},"end":{"line":213,"column":5}},"line":198},"11":{"name":"(anonymous_11)","decl":{"start":{"line":216,"column":10},"end":{"line":216,"column":28}},"loc":{"start":{"line":216,"column":28},"end":{"line":233,"column":null}},"line":216},"12":{"name":"(anonymous_12)","decl":{"start":{"line":235,"column":10},"end":{"line":235,"column":28}},"loc":{"start":{"line":235,"column":28},"end":{"line":252,"column":null}},"line":235},"13":{"name":"(anonymous_13)","decl":{"start":{"line":254,"column":10},"end":{"line":254,"column":27}},"loc":{"start":{"line":254,"column":27},"end":{"line":272,"column":null}},"line":254},"14":{"name":"(anonymous_14)","decl":{"start":{"line":274,"column":10},"end":{"line":274,"column":28}},"loc":{"start":{"line":274,"column":28},"end":{"line":292,"column":null}},"line":274},"15":{"name":"(anonymous_15)","decl":{"start":{"line":294,"column":10},"end":{"line":294,"c
[...]
"column":null}},"82":{"start":{"line":190,"column":4},"end":{"line":190,"column":null}},"83":{"start":{"line":191,"column":4},"end":{"line":191,"column":null}},"84":{"start":{"line":193,"column":4},"end":{"line":193,"column":null}},"85":{"start":{"line":194,"column":4},"end":{"line":194,"column":null}},"86":{"start":{"line":195,"column":4},"end":{"line":195,"column":null}},"87":{"start":{"line":197,"column":4},"end":{"line":197,"column":null}},"88":{"start":{"line":198,"column":4},"end":{"line":198,"column":null}},"89":{"start":{"line":201,"column":4},"end":{"line":203,"column":null}},"90":{"start":{"line":202,"column":6},"end":{"line":202,"column":null}},"91":{"start":{"line":210,"column":10},"end":{"line":210,"column":null}},"92":{"start":{"line":211,"column":16},"end":{"line":211,"column":null}},"93":{"start":{"line":214,"column":16},"end":{"line":214,"column":null}},"94":{"start":{"line":215,"column":4},"end":{"line":215,"column":null}},"95":{"start":{"line":216,"column":4},"end":{"line":216,"column":null}},"96":{"start":{"line":217,"column":4},"end":{"line":217,"column":null}},"97":{"start":{"line":218,"column":4},"end":{"line":218,"column":null}},"98":{"start":{"line":220,"column":19},"end":{"line":220,"column":null}},"99":{"start":{"line":221,"column":4},"end":{"line":221,"column":null}},"100":{"start":{"line":222,"column":4},"end":{"line":222,"column":null}},"101":{"start":{"line":224,"column":17},"end":{"line":224,"column":null}},"102":{"start":{"line":225,"column":4},"end":{"line":225,"column":null}},"103":{"start":{"line":226,"column":4},"end":{"line":226,"column":null}},"104":{"start":{"line":228,"column":4},"end":{"line":228,"column":null}},"105":{"start":{"line":229,"column":4},"end":{"line":229,"column":null}},"106":{"start":{"line":230,"column":4},"end":{"line":230,"column":null}},"107":{"start":{"line":232,"column":4},"end":{"line":232,"column":null}},"108":{"start":{"line":233,"column":4},"end":{"line":233,"column":null}},"109":{"start":{"line":240,"column":4},"end":{"line":240,"column":null}},"110":{"start":{"line":240,"column":26},"end":{"line":240,"column":null}},"111":{"start":{"line":241,"column":4},"end":{"line":241,"column":null}},"112":{"start":{"line":241,"column":26},"end":{"line":241,"column":null}},"113":{"start":{"line":242,"column":4},"end":{"line":242,"column":null}},"114":{"start":{"line":242,"column":26},"end":{"line":242,"column":null}},"115":{"start":{"line":243,"column":4},"end":{"line":243,"column":null}},"116":{"start":{"line":250,"column":10},"end":{"line":250,"column":null}},"117":{"start":{"line":251,"column":16},"end":{"line":251,"column":null}},"118":{"start":{"line":253,"column":23},"end":{"line":253,"column":null}},"119":{"start":{"line":254,"column":19},"end":{"line":254,"column":null}},"120":{"start":{"line":255,"column":17},"end":{"line":255,"column":null}},"121":{"start":{"line":257,"column":4},"end":{"line":259,"column":null}},"122":{"start":{"line":257,"column":17},"end":{"line":257,"column":20}},"123":{"start":{"line":258,"column":6},"end":{"line":258,"column":null}},"124":{"start":{"line":261,"column":18},"end":{"line":261,"column":null}},"125":{"start":{"line":262,"column":4},"end":{"line":262,"column":null}},"126":{"start":{"line":264,"column":19},"end":{"line":264,"column":null}},"127":{"start":{"line":265,"column":4},"end":{"line":265,"column":null}},"128":{"start":{"line":266,"column":4},"end":{"line":266,"column":null}},"129":{"start":{"line":268,"column":17},"end":{"line":268,"column":null}},"130":{"start":{"line":269,"column":4},"end":{"line":269,"column":null}},"131":{"start":{"line":270,"column":4},"end":{"line":270,"column":null}},"132":{"start":{"line":272,"column":4},"end":{"line":272,"column":null}},"133":{"start":{"line":273,"column":4},"end":{"line":273,"column":null}},"134":{"start":{"line":274,"column":4},"end":{"line":274,"column":null}},"135":{"start":{"line":276,"column":4},"end":{"line":276,"column":null}},"136":{"start":{"line":283,"column":10},"end":{"line":283,"column":null}},"137":{"start":{"line":284,"column":16},"end":{"line":284,"column":null}},"138":{"start":{"line":286,"column":16},"end":{"line":286,"column":null}},"139":{"start":{"line":287,"column":4},"end":{"line":287,"column":null}},"140":{"start":{"line":288,"column":4},"end":{"line":288,"column":null}},"141":{"start":{"line":290,"column":19},"end":{"line":290,"column":null}},"142":{"start":{"line":291,"column":4},"end":{"line":291,"column":null}},"143":{"start":{"line":292,"column":4},"end":{"line":292,"column":null}},"144":{"start":{"line":294,"column":17},"end":{"line":294,"column":null}},"145":{"start":{"line":295,"column":4},"end":{"line":295,"column":null}},"146":{"start":{"line":296,"column":4},"end":{"line":296,"column":null}},"147":{"start":{"line":297,"column":4},"end":{"line":297,"column":null}},"148":{"start":{"line":299,"column":4},"end":{"line":299,"column":null}},"149":{"start":{"line":300,"column":4},"end":{"line":300,"column":null}},"150":{"start":{"line":301,"column":4},"end":{"line":301,"column":null}},"151":{"start":{"line":303,"column":4},"end":{"line":303,"column":null}},"152":{"start":{"line":304,"column":4},"end":{"line":304,"column":null}},"153":{"start":{"line":311,"column":10},"end":{"line":311,"column":null}},"154":{"start":{"line":312,"column":16},"end":{"line":312,"column":null}},"155":{"start":{"line":314,"column":23},"end":{"line":314,"column":null}},"156":{"start":{"line":315,"column":19},"end":{"line":315,"column":null}},"157":{"start":{"line":316,"column":17},"end":{"line":316,"column":null}},"158":{"start":{"line":318,"column":4},"end":{"line":320,"column":null}},"159":{"start":{"line":318,"column":17},"end":{"line":318,"column":20}},"160":{"start":{"line":319,"column":6},"end":{"line":319,"column":null}},"161":{"start":{"line":322,"column":18},"end":{"line":322,"column":null}},"162":{"start":{"line":323,"column":4},"end":{"line":323,"column":null}},"163":{"start":{"line":325,"column":19},"end":{"line":325,"column":null}},"164":{"start":{"line":326,"column":4},"end":{"line":326,"column":null}},"165":{"start":{"line":327,"column":4},"end":{"line":327,"column":null}},"166":{"start":{"line":328,"column":4},"end":{"line":328,"column":null}},"167":{"start":{"line":330,"column":17},"end":{"line":330,"column":null}},"168":{"start":{"line":331,"column":4},"end":{"line":331,"column":null}},"169":{"start":{"line":332,"column":4},"end":{"line":332,"column":null}},"170":{"start":{"line":334,"column":4},"end":{"line":334,"column":null}},"171":{"start":{"line":335,"column":4},"end":{"line":335,"column":null}},"172":{"start":{"line":336,"column":4},"end":{"line":336,"column":null}},"173":{"start":{"line":338,"column":4},"end":{"line":338,"column":null}}},"fnMap":{"0":{"name":"(anonymous_0)","decl":{"start":{"line":27,"column":2},"end":{"line":27,"column":14}},"loc":{"start":{"line":27,"column":36},"end":{"line":35,"column":null}},"line":27},"1":{"name":"(anonymous_1)","decl":{"start":{"line":40,"column":2},"end":{"line":40,"column":17}},"loc":{"start":{"line":40,"column":38},"end":{"line":42,"column":null}},"line":40},"2":{"name":"(anonymous_2)","decl":{"start":{"line":47,"column":2},"end":{"line":47,"column":27}},"loc":{"start":{"line":47,"column":27},"end":{"line":49,"column":null}},"line":47},"3":{"name":"(anonymous_3)","decl":{"start":{"line":54,"column":8},"end":{"line":54,"column":13}},"loc":{"start":{"line":54,"column":101},"end":{"line":70,"column":null}},"line":54},"4":{"name":"(anonymous_4)","decl":{"start":{"line":75,"column":10},"end":{"line":75,"column":26}},"loc":{"start":{"line":75,"column":50},"end":{"line":119,"column":null}},"line":75},"5":{"name":"(anonymous_5)","decl":{"start":{"line":116,"column":15},"end":{"line":116,"column":21}},"loc":{"start":{"line":116,"column":21},"end":{"line":118,"column":7}},"line":116},"6":{"name":"(anonymous_6)","decl":{"start":{"line":124,"column":10},"end":{"line":124,"column":33}},"loc":{"start":{"line":124,"column":57},"end":{"line":169,"column":null}},"line":124},"7":{"name":"(anonymous_7)","decl":{"start":{"line":132,"column":24},"end":{"line":132,"column":25}},"loc":{"start":{"line":132,"column":37},"end":{"line":161,"column":5}},"line":132},"8":{"name":"(anonymous_8)","decl":{"start":{"line":165,"column":17},"end":{"line":165,"column":23}},"loc":{"start":{"line":165,"column":23},"end":{"line":167,"column":9}},"line":165},"9":{"name":"(anonymous_9)","decl":{"start":{"line":174,"column":10},"end":{"line":174,"column":21}},"loc":{"start":{"line":174,"column":45},"end":{"line":204,"column":null}},"line":174},"10":{"name":"(anonymous_10)","decl":{"start":{"line":201,"column":15},"end":{"line":201,"column":21}},"loc":{"start":{"line":201,"column":21},"end":{"line":203,"column":7}},"line":201},"11":{"name":"(anonymous_11)","decl":{"start":{"line":209,"column":10},"end":{"line":209,"column":21}},"loc":{"start":{"line":209,"column":45},"end":{"line":234,"column":null}},"line":209},"12":{"name":"(anonymous_12)","decl":{"start":{"line":239,"column":10},"end":{"line":239,"column":19}},"loc":{"start":{"line":239,"column":48},"end":{"line":244,"column":null}},"line":239},"13":{"name":"(anonymous_13)","decl":{"start":{"line":249,"column":10},"end":{"line":249,"column":26}},"loc":{"start":{"line":249,"column":66},"end":{"line":277,"column":null}},"line":249},"14":{"name":"(anonymous_14)","decl":{"start":{"line":282,"column":10},"end":{"line":282,"column":31}},"loc":{"start":{"line":282,"column":71},"end":{"line":305,"column":null}},"line":282},"15":{"name":"(anonymous_15)","decl":{"start":{"line":310,"column":10},"end":{"line":310,"column":28}},"loc":{"start":{"line":310,"column":52},"end":{"line":339,"column":null}},"line":310}},"branchMap":{"0":{"loc":{"start":{"line":27,"column":14},"end":{"line":27,"column":36}},"type":"default-arg","locations":[{"start":{"line":27,"column":31},"end":{"line":27,"column":36}}],"line":27},"1":{"loc":{"start":{"line":54,"column":44},"end":{"line":54,"column":101}},"type":"default-arg","locations":[{"start":{"line":54,"column":82},"end":{"line":54,"column":101}}],"line":54},"2":{"loc":{"start":{"line":55,"column":4},"end":{"line":57,"column":null}},"type":"if","locations":[{"start":{"line":55,"column":4},"end":{"line":57,"column":null}},{"start":{},"end":{}}],"line":55},"3":{"loc":{"start":{"line":60,"column":4},"end":{"line":62,"column":null}},"type":"if","locations":[{"start":{"line":60,"column":4},"end":{"line":62,"column":null}},{"start":{},"end":{}}],"line":60},"4":{"loc":{"start":{"line":67,"column":4},"end":{"line":69,"column":null}},"type":"if","locations":[{"start":{"line":67,"column":4},"end":{"line":69,"column":null}},{"start":{},"end":{}}],"line":67},"5":{"loc":{"start":{"line":101,"column":29},"end":{"line":101,"column":null}},"type":"cond-expr","locations":[{"start":{"line":101,"column":42},"end":{"line":101,"column":48}},{"start":{"line":101,"column":48},"end":{"line":101,"column":null}}],"line":101},"6":{"loc":{"start":{"line":130,"column":24},"end":{"line":130,"column":null}},"type":"cond-expr","locations":[{"start":{"line":130,"column":37},"end":{"line":130,"column":50}},{"start":{"line":130,"column":50},"end":{"line":130,"column":null}}],"line":130},"7":{"loc":{"start":{"line":137,"column":24},"end":{"line":137,"column":null}},"type":"cond-expr","locations":[{"start":{"line":137,"column":37},"end":{"line":137,"column":75}},{"start":{"line":137,"column":75},"end":{"line":137,"column":null}}],"line":137},"8":{"loc":{"start":{"line":146,"column":6},"end":{"line":155,"column":null}},"type":"if","locations":[{"start":{"line":146,"column":6},"end":{"line":155,"column":null}},{"start":{"line":153,"column":13},"end":{"line":155,"column":null}}],"line":146},"9":{"loc":{"start":{"line":149,"column":33},"end":{"line":149,"column":null}},"type":"cond-expr","locations":[{"start":{"line":149,"column":47},"end":{"line":149,"column":53}},{"start":{"line":149,"column":53},"end":{"line":149,"column":null}}],"line":149},"10":{"loc":{"start":{"line":164,"column":4},"end":{"line":168,"column":null}},"type":"if","locations":[{"start":{"line":164,"column":4},"end":{"line":168,"column":null}},{"start":{},"end":{}}],"line":164},"11":{"loc":{"start":{"line":240,"column":4},"end":{"line":240,"column":null}},"type":"if","locations":[{"start":{"line":240,"column":4},"end":{"line":240,"column":null}},{"start":{},"end":{}}],"line":240},"12":{"loc":{"start":{"line":241,"column":4},"end":{"line":241,"column":null}},"type":"if","locations":[{"start":{"line":241,"column":4},"end":{"line":241,"column":null}},{"start":{},"end":{}}],"line":241},"13":{"loc":{"start":{"line":242,"column":4},"end":{"line":242,"column":null}},"type":"if","locations":[{"start":{"line":242,"column":4},"end":{"line":242,"column":null}},{"start":{},"end":{}}],"line":242}},"s":{"0":0,"1":0,"2":0,"3":0,"4":0,"5":0,"6":0,"7":0,"8":0,"9":0,"10":0,"11":0,"12":0,"13":0,"14":0,"15":0,"16":0,"17":0,"18":0,"19":0,"20":0,"21":0,"22":0,"23":0,"24":0,"25":0,"26":0,"27":0,"28":0,"29":0,"30":0,"31":0,"32":0,"33":0,"34":0,"35":0,"36":0,"37":0,"38":0,"39":0,"40":0,"41":0,"42":0,"43":0,"44":0,"45":0,"46":0,"47":0,"48":0,"49":0,"50":0,"51":0,"52":0,"53":0,"54":0,"55":0,"56":0,"57":0,"58":0,"59":0,"60":0,"61":0,"62":0,"63":0,"64":0,"65":0,"66":0,"67":0,"68":0,"69":0,"70":0,"71":0,"72":0,"73":0,"74":0,"75":0,"76":0,"77":0,"78":0,"79":0,"80":0,"81":0,"82":0,"83":0,"84":0,"85":0,"86":0,"87":0,"88":0,"89":0,"90":0,"91":0,"92":0,"93":0,"94":0,"95":0,"96":0,"97":0,"98":0,"99":0,"100":0,"101":0,"102":0,"103":0,"104":0,"105":0,"106":0,"107":0,"108":0,"109":0,"110":0,"111":0,"112":0,"113":0,"114":0,"115":0,"116":0,"117":0,"118":0,"119":0,"120":0,"121":0,"122":0,"123":0,"124":0,"125":0,"126":0,"127":0,"128":0,"129":0,"130":0,"131":0,"132":0,"133":0,"134":0,"135":0,"136":0,"137":0,"138":0,"139":0,"140":0,"141":0,"142":0,"143":0,"144":0,"145":0,"146":0,"147":0,"148":0,"149":0,"150":0,"151":0,"152":0,"153":0,"154":0,"155":0,"156":0,"157":0,"158":0,"159":0,"160":0,"161":0,"162":0,"163":0,"164":0,"165":0,"166":0,"167":0,"168":0,"169":0,"170":0,"171":0,"172":0,"173":0},"f":{"0":0,"1":0,"2":0,"3":0,"4":0,"5":0,"6":0,"7":0,"8":0,"9":0,"10":0,"11":0,"12":0,"13":0,"14":0,"15":0},"b":{"0":[0],"1":[0],"2":[0,0],"3":[0,0],"4":[0,0],"5":[0,0],"6":[0,0],"7":[0,0],"8":[0,0],"9":[0,0],"10":[0,0],"11":[0,0],"12":[0,0],"13":[0,0]},"meta":{"lastBranch":14,"lastFunction":16,"lastStatement":174,"seen":{"s:25:32:25:Infinity":0,"f:27:2:27:14":0,"b:27:31:27:36":0,"s:28:4:28:Infinity":1,"s:31:4:31:Infinity":2,"s:32:4:32:Infinity":3,"s:33:4:33:Infinity":4,"s:34:4:34:Infinity":5,"f:40:2:40:17":1,"s:41:4:41:Infinity":6,"f:47:2:47:27":2,"s:48:4:48:Infinity":7,"f:54:8:54:13":3,"b:54:82:54:101":1,"b:55:4:57:Infinity:undefined:undefined:undefined:undefined":2,"s:55:4:57:Infinity":8,"s:56:6:56:Infinity":9,"s:59:27:59:Infinity":10,"b:60:4:62:Infinity:undefined:undefined:undefined:undefined":3,"s:60:4:62:Infinity":11,"s:61:6:61:Infinity":12,"s:64:4:64:Infinity":13,"b:67:4:69:Infinity:undefined:undefined:undefined:undefined":4,"s:67:4:69:Infinity":14,"s:68:6:68:Infinity":15,"f:75:10:75:26":4,"s:76:10:76:Infinity":16,"s:77:16:77:Infinity":17,"s:78:18:78:Infinity":18,"s:81:23:81:Infinity":19,"s:82:19:82:Infinity":20,"s:83:17:83:Infinity":21,"s:86:4:93:Infinity":22,"s:86:17:86:20":23,"s:87:16:87:Infinity":24,"s:89:22:89:Infinity":25,"s:90:22:90:Infinity":26,"s:91:22:91:Infinity":27,"s:92:6:92:Infinity":28,"s:95:18:95:Infinity":29,"s:96:4:96:Infinity":30,"s:99:19:99:Infinity":31,"s:100:4:100:Infinity":32,"s:101:4:101:Infinity":33,"b:101:42:101:48:101:48:101:Infinity":5,"s:102:4:102:Infinity":34,"s:104:17:104:Infinity":35,"s:105:4:105:Infinity":36,"s:106:4:106:Infinity":37,"s:107:4:107:Infinity":38,"s:109:4:109:Infinity":39,"s:110:4:110:Infinity":40,"s:111:4:111:Infinity":41,"s:113:4:113:Infinity":42,"s:116:4:118:Infinity":43,"f:116:15:116:21":5,"s:117:6:117:Infinity":44,"f:124:10:124:33":6,"s:125:10:125:Infinity":45,"s:126:16:126:Infinity":46,"s:127:18:127:Infinity":47,"s:130:24:130:Infinity":48,"b:130:37:130:50:130:50:130:Infinity":6,"s:132:4:161:Infinity":49,"f:132:24:132:25":7,"s:133:18:133:Infinity":50,"s:134:6:134:Infinity":51,"s:137:24:137:Infinity":52,"b:137:37:137:75:137:75:137:Infinity":7,"s:138:6:138:Infinity":53,"s:140:19:140:Infinity":54,"s:141:6:141:Infinity":55,"s:142:6:142:Infinity":56,"s:143:6:143:Infinity":57,"b:146:6:155:Infinity:153:13:155:Infinity":8,"s:146:6:155:Infinity":58,"s:147:23:147:Infinity":59,"s:148:8:148:Infinity":60,"s:149:8:149:Infinity":61,"b:149:47:149:53:149:53:149:Infinity":9,"s:151:8:151:Infinity":62,"s:152:8:152:Infinity":63,"s:154:8:154:Infinity":64,"s:157:6:157:Infinity":65,"s:159:6:159:Infinity":66,"s:160:6:160:Infinity":67,"b:164:4:168:Infinity:undefined:undefined:undefined:undefined":10,"s:164:4:168:Infinity":68,"s:165:6:167:Infinity":69,"f:165:17:165:23":8,"s:166:8:166:Infinity":70,"f:174:10:174:21":9,"s:175:10:175:Infinity":71,"s:176:16:176:Infinity":72,"s:179:16:179:Infinity":73,"s:180:4:180:Infinity":74,"s:181:4:181:Infinity":75,"s:182:4:182:Infinity":76,"s:184:19:184:Infinity":77,"s:185:4:185:Infinity":78,"s:186:4:186:Infinity":79,"s:188:17:188:Infinity":80,"s:189:4:189:Infinity":81,"s:190:4:190:Infinity":82,"s:191:4:191:Infinity":83,"s:193:4:193:Infinity":84,"s:194:4:194:Infinity":85,"s:195:4:195:Infinity":86,"s:197:4:197:Infinity":87,"s:198:4:198:Infinity":88,"s:201:4:203:Infinity":89,"f:201:15:201:21":10,"s:202:6:202:Infinity":90,"f:209:10:209:21":11,"s:210:10:210:Infinity":91,"s:211:16:211:Infinity":92,"s:214:16:214:Infinity":93,"s:215:4:215:Infinity":94,"s:216:4:216:Infinity":95,"s:217:4:217:Infinity":96,"s:218:4:218:Infinity":97,"s:220:19:220:Infinity":98,"s:221:4:221:Infinity":99,"s:222:4:222:Infinity":100,"s:224:17:224:Infinity":101,"s:225:4:225:Infinity":102,"s:226:4:226:Infinity":103,"s:228:4:228:Infinity":104,"s:229:4:229:Infinity":105,"s:230:4:230:Infinity":106,"s:232:4:232:Infinity":107,"s:233:4:233:Infinity":108,"f:239:10:239:19":12,"b:240:4:240:Infinity:undefined:undefined:undefined:undefined":11,"s:240:4:240:Infinity":109,"s:240:26:240:Infinity":110,"b:241:4:241:Infinity:undefined:undefined:undefined:undefined":12,"s:241:4:241:Infinity":111,"s:241:26:241:Infinity":112,"b:242:4:242:Infinity:undefined:undefined:undefined:undefined":13,"s:242:4:242:Infinity":113,"s:242:26:242:Infinity":114,"s:243:4:243:Infinity":115,"f:249:10:249:26":13,"s:250:10:250:Infinity":116,"s:251:16:251:Infinity":117,"s:253:23:253:Infinity":118,"s:254:19:254:Infinity":119,"s:255:17:255:Infinity":120,"s:257:4:259:Infinity":121,"s:257:17:257:20":122,"s:258:6:258:Infinity":123,"s:261:18:261:Infinity":124,"s:262:4:262:Infinity":125,"s:264:19:264:Infinity":126,"s:265:4:265:Infinity":127,"s:266:4:266:Infinity":128,"s:268:17:268:Infinity":129,"s:269:4:269:Infinity":130,"s:270:4:270:Infinity":131,"s:272:4:272:Infinity":132,"s:273:4:273:Infinity":133,"s:274:4:274:Infinity":134,"s:276:4:276:Infinity":135,"f:282:10:282:31":14,"s:283:10:283:Infinity":136,"s:284:16:284:Infinity":137,"s:286:16:286:Infinity":138,"s:287:4:287:Infinity":139,"s:288:4:288:Infinity":140,"s:290:19:290:Infinity":141,"s:291:4:291:Infinity":142,"s:292:4:292:Infinity":143,"s:294:17:294:Infinity":144,"s:295:4:295:Infinity":145,"s:296:4:296:Infinity":146,"s:297:4:297:Infinity":147,"s:299:4:299:Infinity":148,"s:300:4:300:Infinity":149,"s:301:4:301:Infinity":150,"s:303:4:303:Infinity":151,"s:304:4:304:Infinity":152,"f:310:10:310:28":15,"s:311:10:311:Infinity":153,"s:312:16:312:Infinity":154,"s:314:23:314:Infinity":155,"s:315:19:315:Infinity":156,"s:316:17:316:Infinity":157,"s:318:4:320:Infinity":158,"s:318:17:318:20":159,"s:319:6:319:Infinity":160,"s:322:18:322:Infinity":161,"s:323:4:323:Infinity":162,"s:325:19:325:Infinity":163,"s:326:4:326:Infinity":164,"s:327:4:327:Infinity":165,"s:328:4:328:Infinity":166,"s:330:17:330:Infinity":167,"s:331:4:331:Infinity":168,"s:332:4:332:Infinity":169,"s:334:4:334:Infinity":170,"s:335:4:335:Infinity":171,"s:336:4:336:Infinity":172,"s:338:4:338:Infinity":173}}}
}
