TN:
SF:src/main.ts
FN:86,(anonymous_0)
FN:87,(anonymous_1)
FN:89,(anonymous_2)
FN:97,(anonymous_3)
FN:99,(anonymous_4)
FN:103,(anonymous_5)
FN:104,(anonymous_6)
FNF:7
FNH:0
FNDA:0,(anonymous_0)
FNDA:0,(anonymous_1)
FNDA:0,(anonymous_2)
FNDA:0,(anonymous_3)
FNDA:0,(anonymous_4)
FNDA:0,(anonymous_5)
FNDA:0,(anonymous_6)
DA:10,0
DA:11,0
DA:13,0
DA:15,0
DA:63,0
DA:64,0
DA:83,0
DA:86,0
DA:87,0
DA:88,0
DA:89,0
DA:90,0
DA:91,0
DA:92,0
DA:97,0
DA:98,0
DA:99,0
DA:103,0
DA:104,0
DA:105,0
DA:106,0
LF:21
LH:0
BRF:0
BRH:0
end_of_record
TN:
SF:src/umd-entry.ts
FNF:0
FNH:0
DA:36,0
DA:37,0
LF:2
LH:0
BRDA:36,0,0,0
BRDA:36,0,1,0
BRF:2
BRH:0
end_of_record
TN:
SF:src/vite-env.d.ts
FNF:0
FNH:0
LF:0
LH:0
BRF:0
BRH:0
end_of_record
TN:
SF:src/ambience/ambience.ts
FN:61,(anonymous_0)
FN:68,(anonymous_1)
FN:116,(anonymous_2)
FN:123,(anonymous_3)
FN:137,(anonymous_4)
FN:156,(anonymous_5)
FN:163,(anonymous_6)
FN:218,(anonymous_7)
FN:230,(anonymous_8)
FN:273,(anonymous_9)
FN:284,(anonymous_10)
FN:288,(anonymous_11)
FN:296,(anonymous_12)
FN:301,(anonymous_13)
FN:308,(anonymous_14)
FN:339,(anonymous_15)
FN:350,(anonymous_16)
FN:357,(anonymous_17)
FN:368,(anonymous_18)
FN:412,(anonymous_19)
FN:447,(anonymous_20)
FN:458,(anonymous_21)
FN:485,(anonymous_22)
FN:524,(anonymous_23)
FN:562,(anonymous_24)
FN:581,(anonymous_25)
FN:603,(anonymous_26)
FN:628,(anonymous_27)
FN:651,(anonymous_28)
FN:680,(anonymous_29)
FNF:30
FNH:0
FNDA:0,(anonymous_0)
FNDA:0,(anonymous_1)
FNDA:0,(anonymous_2)
FNDA:0,(anonymous_3)
FNDA:0,(anonymous_4)
FNDA:0,(anonymous_5)
FNDA:0,(anonymous_6)
FNDA:0,(anonymous_7)
FNDA:0,(anonymous_8)
FNDA:0,(anonymous_9)
FNDA:0,(anonymous_10)
FNDA:0,(anonymous_11)
FNDA:0,(anonymous_12)
FNDA:0,(anonymous_13)
FNDA:0,(anonymous_14)
FNDA:0,(anonymous_15)
FNDA:0,(anonymous_16)
FNDA:0,(anonymous_17)
FNDA:0,(anonymous_18)
FNDA:0,(anonymous_19)
FNDA:0,(anonymous_20)
FNDA:0,(anonymous_21)
FNDA:0,(anonymous_22)
FNDA:0,(anonymous_23)
FNDA:0,(anonymous_24)
FNDA:0,(anonymous_25)
FNDA:0,(anonymous_26)
FNDA:0,(anonymous_27)
FNDA:0,(anonymous_28)
FNDA:0,(anonymous_29)
DA:57,0
DA:59,0
DA:62,0
DA:69,0
DA:71,0
DA:80,0
DA:82,0
DA:84,0
DA:85,0
DA:87,0
DA:88,0
DA:90,0
DA:91,0
DA:93,0
DA:94,0
DA:96,0
DA:97,0
DA:99,0
DA:100,0
DA:102,0
DA:103,0
DA:105,0
DA:106,0
DA:108,0
DA:109,0
DA:117,0
DA:124,0
DA:125,0
DA:127,0
DA:129,0
DA:131,0
DA:132,0
DA:133,0
DA:137,0
DA:138,0
DA:139,0
DA:141,0
DA:142,0
DA:144,0
DA:145,0
DA:150,0
DA:157,0
DA:158,0
DA:164,0
DA:165,0
DA:168,0
DA:171,0
DA:172,0
DA:173,0
DA:175,0
DA:176,0
DA:177,0
DA:180,0
DA:181,0
DA:182,0
DA:184,0
DA:185,0
DA:186,0
DA:189,0
DA:190,0
DA:191,0
DA:193,0
DA:194,0
DA:196,0
DA:197,0
DA:200,0
DA:201,0
DA:202,0
DA:203,0
DA:206,0
DA:207,0
DA:208,0
DA:210,0
DA:211,0
DA:214,0
DA:217,0
DA:218,0
DA:219,0
DA:220,0
DA:221,0
DA:224,0
DA:227,0
DA:231,0
DA:232,0
DA:235,0
DA:236,0
DA:237,0
DA:239,0
DA:240,0
DA:241,0
DA:242,0
DA:244,0
DA:245,0
DA:246,0
DA:249,0
DA:250,0
DA:251,0
DA:253,0
DA:254,0
DA:255,0
DA:258,0
DA:259,0
DA:260,0
DA:262,0
DA:263,0
DA:266,0
DA:267,0
DA:269,0
DA:270,0
DA:273,0
DA:274,0
DA:275,0
DA:276,0
DA:279,0
DA:281,0
DA:285,0
DA:288,0
DA:289,0
DA:290,0
DA:293,0
DA:296,0
DA:298,0
DA:302,0
DA:303,0
DA:306,0
DA:308,0
DA:309,0
DA:310,0
DA:311,0
DA:313,0
DA:314,0
DA:315,0
DA:318,0
DA:319,0
DA:320,0
DA:322,0
DA:323,0
DA:325,0
DA:326,0
DA:328,0
DA:329,0
DA:331,0
DA:332,0
DA:334,0
DA:335,0
DA:339,0
DA:340,0
DA:341,0
DA:342,0
DA:345,0
DA:347,0
DA:351,0
DA:354,0
DA:357,0
DA:358,0
DA:359,0
DA:360,0
DA:363,0
DA:365,0
DA:369,0
DA:370,0
DA:373,0
DA:374,0
DA:375,0
DA:376,0
DA:378,0
DA:379,0
DA:380,0
DA:382,0
DA:383,0
DA:384,0
DA:387,0
DA:388,0
DA:389,0
DA:391,0
DA:392,0
DA:393,0
DA:396,0
DA:397,0
DA:398,0
DA:400,0
DA:401,0
DA:403,0
DA:404,0
DA:406,0
DA:407,0
DA:409,0
DA:413,0
DA:414,0
DA:417,0
DA:418,0
DA:419,0
DA:421,0
DA:422,0
DA:423,0
DA:426,0
DA:427,0
DA:428,0
DA:430,0
DA:431,0
DA:432,0
DA:434,0
DA:435,0
DA:437,0
DA:438,0
DA:440,0
DA:441,0
DA:443,0
DA:444,0
DA:447,0
DA:448,0
DA:449,0
DA:450,0
DA:453,0
DA:455,0
DA:459,0
DA:460,0
DA:463,0
DA:466,0
DA:467,0
DA:468,0
DA:470,0
DA:471,0
DA:472,0
DA:474,0
DA:475,0
DA:477,0
DA:479,0
DA:480,0
DA:482,0
DA:486,0
DA:487,0
DA:490,0
DA:491,0
DA:492,0
DA:494,0
DA:495,0
DA:496,0
DA:499,0
DA:500,0
DA:501,0
DA:503,0
DA:504,0
DA:505,0
DA:507,0
DA:508,0
DA:510,0
DA:511,0
DA:513,0
DA:514,0
DA:516,0
DA:517,0
DA:519,0
DA:525,0
DA:527,0
DA:528,0
DA:529,0
DA:531,0
DA:532,0
DA:535,0
DA:536,0
DA:537,0
DA:539,0
DA:540,0
DA:541,0
DA:543,0
DA:544,0
DA:545,0
DA:547,0
DA:548,0
DA:549,0
DA:551,0
DA:552,0
DA:553,0
DA:554,0
DA:556,0
DA:558,0
DA:559,0
DA:563,0
DA:565,0
DA:566,0
DA:567,0
DA:568,0
DA:570,0
DA:571,0
DA:572,0
DA:574,0
DA:575,0
DA:577,0
DA:578,0
DA:582,0
DA:584,0
DA:585,0
DA:587,0
DA:588,0
DA:589,0
DA:591,0
DA:592,0
DA:593,0
DA:594,0
DA:596,0
DA:597,0
DA:599,0
DA:600,0
DA:604,0
DA:606,0
DA:607,0
DA:608,0
DA:609,0
DA:611,0
DA:612,0
DA:613,0
DA:614,0
DA:616,0
DA:617,0
DA:618,0
DA:620,0
DA:621,0
DA:622,0
DA:624,0
DA:625,0
DA:629,0
DA:631,0
DA:633,0
DA:634,0
DA:635,0
DA:636,0
DA:638,0
DA:639,0
DA:640,0
DA:641,0
DA:643,0
DA:644,0
DA:646,0
DA:647,0
DA:652,0
DA:654,0
DA:655,0
DA:656,0
DA:658,0
DA:659,0
DA:662,0
DA:663,0
DA:665,0
DA:666,0
DA:667,0
DA:669,0
DA:670,0
DA:671,0
DA:673,0
DA:674,0
DA:675,0
DA:677,0
DA:681,0
DA:683,0
DA:684,0
DA:685,0
DA:687,0
DA:688,0
DA:689,0
DA:690,0
DA:692,0
DA:693,0
DA:695,0
DA:696,0
LF:365
LH:0
BRDA:68,0,0,0
BRDA:82,1,0,0
BRDA:82,1,1,0
BRDA:82,1,2,0
BRDA:82,1,3,0
BRDA:82,1,4,0
BRDA:82,1,5,0
BRDA:82,1,6,0
BRDA:82,1,7,0
BRDA:82,1,8,0
BRDA:116,2,0,0
BRDA:123,3,0,0
BRDA:141,4,0,0
BRDA:141,4,1,0
BRDA:217,5,0,0
BRDA:217,5,1,0
BRDA:219,6,0,0
BRDA:219,6,1,0
BRDA:220,7,0,0
BRDA:220,7,1,0
BRDA:274,8,0,0
BRDA:274,8,1,0
BRDA:275,9,0,0
BRDA:275,9,1,0
BRDA:289,10,0,0
BRDA:289,10,1,0
BRDA:291,11,0,0
BRDA:291,11,1,0
BRDA:340,12,0,0
BRDA:340,12,1,0
BRDA:341,13,0,0
BRDA:341,13,1,0
BRDA:358,14,0,0
BRDA:358,14,1,0
BRDA:359,15,0,0
BRDA:359,15,1,0
BRDA:448,16,0,0
BRDA:448,16,1,0
BRDA:449,17,0,0
BRDA:449,17,1,0
BRF:40
BRH:0
end_of_record
TN:
SF:src/ambience/sound-effects.ts
FN:41,(anonymous_0)
FN:46,(anonymous_1)
FN:50,(anonymous_2)
FN:105,(anonymous_3)
FN:125,(anonymous_4)
FN:127,(anonymous_5)
FN:146,(anonymous_6)
FN:150,(anonymous_7)
FN:168,(anonymous_8)
FN:194,(anonymous_9)
FN:198,(anonymous_10)
FN:216,(anonymous_11)
FN:235,(anonymous_12)
FN:254,(anonymous_13)
FN:274,(anonymous_14)
FN:294,(anonymous_15)
FN:299,(anonymous_16)
FN:317,(anonymous_17)
FN:343,(anonymous_18)
FN:364,(anonymous_19)
FN:384,(anonymous_20)
FN:404,(anonymous_21)
FN:425,(anonymous_22)
FNF:23
FNH:0
FNDA:0,(anonymous_0)
FNDA:0,(anonymous_1)
FNDA:0,(anonymous_2)
FNDA:0,(anonymous_3)
FNDA:0,(anonymous_4)
FNDA:0,(anonymous_5)
FNDA:0,(anonymous_6)
FNDA:0,(anonymous_7)
FNDA:0,(anonymous_8)
FNDA:0,(anonymous_9)
FNDA:0,(anonymous_10)
FNDA:0,(anonymous_11)
FNDA:0,(anonymous_12)
FNDA:0,(anonymous_13)
FNDA:0,(anonymous_14)
FNDA:0,(anonymous_15)
FNDA:0,(anonymous_16)
FNDA:0,(anonymous_17)
FNDA:0,(anonymous_18)
FNDA:0,(anonymous_19)
FNDA:0,(anonymous_20)
FNDA:0,(anonymous_21)
FNDA:0,(anonymous_22)
DA:39,0
DA:42,0
DA:43,0
DA:47,0
DA:51,0
DA:53,0
DA:55,0
DA:56,0
DA:58,0
DA:59,0
DA:61,0
DA:62,0
DA:64,0
DA:65,0
DA:67,0
DA:68,0
DA:70,0
DA:71,0
DA:73,0
DA:74,0
DA:76,0
DA:77,0
DA:79,0
DA:80,0
DA:82,0
DA:83,0
DA:85,0
DA:86,0
DA:88,0
DA:89,0
DA:91,0
DA:92,0
DA:94,0
DA:95,0
DA:97,0
DA:98,0
DA:100,0
DA:101,0
DA:106,0
DA:107,0
DA:109,0
DA:110,0
DA:111,0
DA:112,0
DA:114,0
DA:115,0
DA:116,0
DA:118,0
DA:119,0
DA:121,0
DA:122,0
DA:127,0
DA:128,0
DA:129,0
DA:130,0
DA:131,0
DA:132,0
DA:134,0
DA:135,0
DA:136,0
DA:138,0
DA:139,0
DA:141,0
DA:142,0
DA:147,0
DA:148,0
DA:150,0
DA:151,0
DA:152,0
DA:153,0
DA:155,0
DA:156,0
DA:157,0
DA:158,0
DA:160,0
DA:161,0
DA:163,0
DA:164,0
DA:169,0
DA:170,0
DA:172,0
DA:173,0
DA:174,0
DA:175,0
DA:177,0
DA:178,0
DA:179,0
DA:181,0
DA:182,0
DA:183,0
DA:184,0
DA:186,0
DA:187,0
DA:188,0
DA:190,0
DA:191,0
DA:195,0
DA:196,0
DA:198,0
DA:199,0
DA:200,0
DA:201,0
DA:203,0
DA:204,0
DA:205,0
DA:206,0
DA:208,0
DA:209,0
DA:211,0
DA:212,0
DA:217,0
DA:218,0
DA:220,0
DA:221,0
DA:222,0
DA:224,0
DA:225,0
DA:226,0
DA:228,0
DA:229,0
DA:231,0
DA:232,0
DA:236,0
DA:237,0
DA:239,0
DA:240,0
DA:241,0
DA:243,0
DA:244,0
DA:245,0
DA:247,0
DA:248,0
DA:250,0
DA:251,0
DA:255,0
DA:256,0
DA:258,0
DA:259,0
DA:260,0
DA:261,0
DA:263,0
DA:264,0
DA:265,0
DA:267,0
DA:268,0
DA:270,0
DA:271,0
DA:275,0
DA:276,0
DA:278,0
DA:279,0
DA:280,0
DA:281,0
DA:283,0
DA:284,0
DA:285,0
DA:287,0
DA:288,0
DA:290,0
DA:291,0
DA:295,0
DA:296,0
DA:299,0
DA:300,0
DA:301,0
DA:302,0
DA:304,0
DA:305,0
DA:306,0
DA:307,0
DA:309,0
DA:310,0
DA:312,0
DA:313,0
DA:318,0
DA:319,0
DA:321,0
DA:322,0
DA:323,0
DA:324,0
DA:326,0
DA:327,0
DA:328,0
DA:330,0
DA:331,0
DA:332,0
DA:334,0
DA:335,0
DA:336,0
DA:338,0
DA:339,0
DA:344,0
DA:345,0
DA:347,0
DA:348,0
DA:349,0
DA:350,0
DA:352,0
DA:353,0
DA:354,0
DA:356,0
DA:357,0
DA:359,0
DA:360,0
DA:365,0
DA:366,0
DA:368,0
DA:369,0
DA:370,0
DA:371,0
DA:373,0
DA:374,0
DA:375,0
DA:377,0
DA:378,0
DA:380,0
DA:381,0
DA:385,0
DA:386,0
DA:388,0
DA:389,0
DA:390,0
DA:391,0
DA:393,0
DA:394,0
DA:395,0
DA:397,0
DA:398,0
DA:400,0
DA:401,0
DA:405,0
DA:406,0
DA:409,0
DA:410,0
DA:411,0
DA:413,0
DA:414,0
DA:415,0
DA:416,0
DA:418,0
DA:419,0
DA:421,0
DA:422,0
DA:426,0
DA:427,0
DA:430,0
DA:431,0
DA:432,0
DA:433,0
DA:434,0
DA:435,0
DA:437,0
DA:438,0
DA:439,0
DA:440,0
DA:441,0
DA:443,0
DA:444,0
DA:446,0
DA:447,0
LF:260
LH:0
BRDA:41,0,0,0
BRDA:53,1,0,0
BRDA:53,1,1,0
BRDA:53,1,2,0
BRDA:53,1,3,0
BRDA:53,1,4,0
BRDA:53,1,5,0
BRDA:53,1,6,0
BRDA:53,1,7,0
BRDA:53,1,8,0
BRDA:53,1,9,0
BRDA:53,1,10,0
BRDA:53,1,11,0
BRDA:53,1,12,0
BRDA:53,1,13,0
BRDA:53,1,14,0
BRDA:53,1,15,0
BRF:17
BRH:0
end_of_record
TN:
SF:src/core/ambience.ts
FN:38,(anonymous_0)
FN:43,(anonymous_1)
FN:48,(anonymous_2)
FN:52,(anonymous_3)
FN:59,(anonymous_4)
FN:66,(anonymous_5)
FN:91,(anonymous_6)
FN:98,(anonymous_7)
FN:112,(anonymous_8)
FN:131,(anonymous_9)
FN:140,(anonymous_10)
FNF:11
FNH:11
FNDA:104,(anonymous_0)
FNDA:88,(anonymous_1)
FNDA:100,(anonymous_2)
FNDA:108,(anonymous_3)
FNDA:492,(anonymous_4)
FNDA:107,(anonymous_5)
FNDA:5,(anonymous_6)
FNDA:20,(anonymous_7)
FNDA:13,(anonymous_8)
FNDA:4,(anonymous_9)
FNDA:29,(anonymous_10)
DA:32,108
DA:34,108
DA:35,108
DA:39,104
DA:44,88
DA:49,100
DA:53,108
DA:60,492
DA:67,107
DA:69,107
DA:78,107
DA:80,107
DA:81,107
DA:82,106
DA:84,1
DA:92,5
DA:99,20
DA:100,20
DA:102,20
DA:104,20
DA:106,18
DA:107,32
DA:108,32
DA:112,18
DA:113,13
DA:114,28
DA:116,13
DA:117,7
DA:119,13
DA:120,7
DA:125,20
DA:132,4
DA:133,4
DA:141,29
DA:143,29
DA:144,29
DA:145,29
DA:147,29
DA:148,12789000
DA:151,29
DA:152,29
DA:153,29
DA:155,29
DA:156,29
DA:157,29
DA:159,29
DA:160,29
DA:161,29
DA:163,29
DA:164,29
DA:165,29
DA:167,29
DA:168,29
DA:169,29
DA:170,29
DA:172,29
DA:174,29
DA:175,29
LF:58
LH:58
BRDA:66,0,0,107
BRDA:81,1,0,106
BRDA:81,1,1,1
BRDA:91,2,0,5
BRDA:98,3,0,20
BRDA:116,4,0,7
BRDA:116,4,1,6
BRF:7
BRH:7
end_of_record
TN:
SF:src/core/sound-effect.ts
FN:20,(anonymous_0)
FN:28,(anonymous_1)
FN:35,(anonymous_2)
FN:42,(anonymous_3)
FN:56,(anonymous_4)
FN:63,(anonymous_5)
FNF:6
FNH:6
FNDA:28,(anonymous_0)
FNDA:16,(anonymous_1)
FNDA:11,(anonymous_2)
FNDA:14,(anonymous_3)
FNDA:5,(anonymous_4)
FNDA:14,(anonymous_5)
DA:17,28
DA:18,28
DA:21,28
DA:22,28
DA:29,16
DA:36,11
DA:43,14
DA:45,14
DA:46,14
DA:47,13
DA:49,1
DA:57,5
DA:64,14
LF:13
LH:13
BRDA:20,0,0,28
BRDA:46,1,0,13
BRDA:46,1,1,1
BRF:3
BRH:3
end_of_record
TN:
SF:src/effects/delay.ts
FN:26,(anonymous_0)
FN:71,(anonymous_1)
FN:75,(anonymous_2)
FN:79,(anonymous_3)
FN:84,(anonymous_4)
FN:90,(anonymous_5)
FN:96,(anonymous_6)
FN:105,(anonymous_7)
FN:112,(anonymous_8)
FNF:9
FNH:0
FNDA:0,(anonymous_0)
FNDA:0,(anonymous_1)
FNDA:0,(anonymous_2)
FNDA:0,(anonymous_3)
FNDA:0,(anonymous_4)
FNDA:0,(anonymous_5)
FNDA:0,(anonymous_6)
FNDA:0,(anonymous_7)
FNDA:0,(anonymous_8)
DA:10,0
DA:27,0
DA:29,0
DA:32,0
DA:33,0
DA:34,0
DA:35,0
DA:36,0
DA:37,0
DA:38,0
DA:41,0
DA:42,0
DA:43,0
DA:44,0
DA:47,0
DA:48,0
DA:55,0
DA:56,0
DA:58,0
DA:59,0
DA:60,0
DA:61,0
DA:64,0
DA:65,0
DA:68,0
DA:72,0
DA:76,0
DA:80,0
DA:81,0
DA:85,0
DA:86,0
DA:87,0
DA:91,0
DA:92,0
DA:93,0
DA:97,0
DA:98,0
DA:100,0
DA:101,0
DA:107,0
DA:108,0
DA:109,0
DA:113,0
LF:43
LH:0
BRDA:26,0,0,0
BRDA:105,1,0,0
BRF:2
BRH:0
end_of_record
TN:
SF:src/effects/effects-chain.ts
FN:29,(anonymous_0)
FN:53,(anonymous_1)
FN:88,(anonymous_2)
FN:92,(anonymous_3)
FN:96,(anonymous_4)
FN:102,(anonymous_5)
FN:108,(anonymous_6)
FN:114,(anonymous_7)
FN:119,(anonymous_8)
FN:124,(anonymous_9)
FN:128,(anonymous_10)
FN:132,(anonymous_11)
FN:136,(anonymous_12)
FN:140,(anonymous_13)
FNF:14
FNH:0
FNDA:0,(anonymous_0)
FNDA:0,(anonymous_1)
FNDA:0,(anonymous_2)
FNDA:0,(anonymous_3)
FNDA:0,(anonymous_4)
FNDA:0,(anonymous_5)
FNDA:0,(anonymous_6)
FNDA:0,(anonymous_7)
FNDA:0,(anonymous_8)
FNDA:0,(anonymous_9)
FNDA:0,(anonymous_10)
FNDA:0,(anonymous_11)
FNDA:0,(anonymous_12)
FNDA:0,(anonymous_13)
DA:15,0
DA:30,0
DA:32,0
DA:35,0
DA:36,0
DA:39,0
DA:40,0
DA:43,0
DA:44,0
DA:47,0
DA:50,0
DA:54,0
DA:57,0
DA:58,0
DA:59,0
DA:64,0
DA:65,0
DA:66,0
DA:68,0
DA:69,0
DA:73,0
DA:77,0
DA:78,0
DA:79,0
DA:80,0
DA:82,0
DA:83,0
DA:84,0
DA:89,0
DA:93,0
DA:97,0
DA:98,0
DA:103,0
DA:104,0
DA:109,0
DA:110,0
DA:115,0
DA:120,0
DA:125,0
DA:129,0
DA:133,0
DA:137,0
DA:141,0
LF:43
LH:0
BRDA:29,0,0,0
BRDA:64,1,0,0
BRDA:64,1,1,0
BRDA:73,2,0,0
BRDA:73,2,1,0
BRDA:77,3,0,0
BRDA:77,3,1,0
BRF:7
BRH:0
end_of_record
TN:
SF:src/effects/reverb.ts
FN:25,(anonymous_0)
FN:61,(anonymous_1)
FN:85,(anonymous_2)
FN:90,(anonymous_3)
FN:95,(anonymous_4)
FN:101,(anonymous_5)
FN:110,(anonymous_6)
FN:116,(anonymous_7)
FN:122,(anonymous_8)
FNF:9
FNH:0
FNDA:0,(anonymous_0)
FNDA:0,(anonymous_1)
FNDA:0,(anonymous_2)
FNDA:0,(anonymous_3)
FNDA:0,(anonymous_4)
FNDA:0,(anonymous_5)
FNDA:0,(anonymous_6)
FNDA:0,(anonymous_7)
FNDA:0,(anonymous_8)
DA:10,0
DA:26,0
DA:28,0
DA:31,0
DA:32,0
DA:33,0
DA:34,0
DA:35,0
DA:36,0
DA:39,0
DA:40,0
DA:41,0
DA:44,0
DA:48,0
DA:49,0
DA:51,0
DA:52,0
DA:53,0
DA:54,0
DA:57,0
DA:62,0
DA:63,0
DA:64,0
DA:67,0
DA:68,0
DA:69,0
DA:72,0
DA:73,0
DA:75,0
DA:77,0
DA:78,0
DA:81,0
DA:86,0
DA:91,0
DA:96,0
DA:97,0
DA:102,0
DA:103,0
DA:105,0
DA:106,0
DA:111,0
DA:112,0
DA:117,0
DA:118,0
DA:119,0
DA:123,0
LF:46
LH:0
BRDA:25,0,0,0
BRF:1
BRH:0
end_of_record
TN:
SF:src/shared/audio-context.ts
FN:5,getAudioContext
FN:12,getMasterGain
FN:22,resumeAudioContext
FN:29,getSampleRate
FN:33,getCurrentTime
FNF:5
FNH:5
FNDA:321,getAudioContext
FNDA:140,getMasterGain
FNDA:124,resumeAudioContext
FNDA:3,getSampleRate
FNDA:2,getCurrentTime
DA:2,5
DA:3,5
DA:6,321
DA:7,5
DA:9,321
DA:13,140
DA:14,5
DA:15,5
DA:16,5
DA:17,5
DA:19,140
DA:23,124
DA:24,124
DA:25,1
DA:30,3
DA:34,2
LF:16
LH:16
BRDA:6,0,0,5
BRDA:6,0,1,316
BRDA:13,1,0,5
BRDA:13,1,1,135
BRDA:24,2,0,1
BRDA:24,2,1,123
BRF:6
BRH:6
end_of_record
TN:
SF:src/shared/scales.ts
FN:31,noteToFrequency
FN:40,midiToFrequency
FN:45,getScaleFrequencies
FN:65,noteToMidi
FN:71,midiToNote
FN:79,quantizeToScale
FN:101,mapToFrequency
FNF:7
FNH:0
FNDA:0,noteToFrequency
FNDA:0,midiToFrequency
FNDA:0,getScaleFrequencies
FNDA:0,noteToMidi
FNDA:0,midiToNote
FNDA:0,quantizeToScale
FNDA:0,mapToFrequency
DA:4,0
DA:20,0
DA:32,0
DA:33,0
DA:35,0
DA:36,0
DA:41,0
DA:51,0
DA:52,0
DA:54,0
DA:55,0
DA:56,0
DA:57,0
DA:61,0
DA:66,0
DA:67,0
DA:72,0
DA:73,0
DA:74,0
DA:75,0
DA:84,0
DA:86,0
DA:87,0
DA:89,0
DA:90,0
DA:91,0
DA:92,0
DA:93,0
DA:97,0
DA:107,0
DA:108,0
DA:109,0
DA:110,0
LF:33
LH:0
BRDA:31,0,0,0
BRDA:33,1,0,0
BRDA:33,1,1,0
BRDA:48,2,0,0
BRDA:49,3,0,0
BRDA:51,4,0,0
BRDA:51,4,1,0
BRDA:65,5,0,0
BRDA:91,6,0,0
BRDA:91,6,1,0
BRDA:103,7,0,0
BRDA:104,8,0,0
BRF:12
BRH:0
end_of_record
TN:
SF:src/shared/scheduler.ts
FN:27,(anonymous_0)
FN:34,(anonymous_1)
FN:39,(anonymous_2)
FN:46,(anonymous_3)
FN:51,(anonymous_4)
FN:60,(anonymous_5)
FN:68,(anonymous_6)
FN:81,(anonymous_7)
FN:85,(anonymous_8)
FN:89,(anonymous_9)
FN:93,(anonymous_10)
FNF:11
FNH:0
FNDA:0,(anonymous_0)
FNDA:0,(anonymous_1)
FNDA:0,(anonymous_2)
FNDA:0,(anonymous_3)
FNDA:0,(anonymous_4)
FNDA:0,(anonymous_5)
FNDA:0,(anonymous_6)
FNDA:0,(anonymous_7)
FNDA:0,(anonymous_8)
FNDA:0,(anonymous_9)
FNDA:0,(anonymous_10)
DA:17,0
DA:18,0
DA:19,0
DA:20,0
DA:23,0
DA:25,0
DA:28,0
DA:29,0
DA:30,0
DA:31,0
DA:36,0
DA:40,0
DA:42,0
DA:43,0
DA:44,0
DA:46,0
DA:47,0
DA:52,0
DA:53,0
DA:54,0
DA:55,0
DA:57,0
DA:61,0
DA:62,0
DA:63,0
DA:64,0
DA:69,0
DA:72,0
DA:73,0
DA:76,0
DA:77,0
DA:82,0
DA:86,0
DA:90,0
DA:94,0
LF:35
LH:0
BRDA:40,0,0,0
BRDA:40,0,1,0
BRDA:53,1,0,0
BRDA:53,1,1,0
BRDA:62,2,0,0
BRDA:62,2,1,0
BRF:6
BRH:0
end_of_record
TN:
SF:src/sound-engines/physical.ts
FN:23,(anonymous_0)
FN:32,(anonymous_1)
FN:38,(anonymous_2)
FN:106,(anonymous_3)
FN:124,(anonymous_4)
FN:131,(anonymous_5)
FN:143,(anonymous_6)
FN:150,(anonymous_7)
FN:163,(anonymous_8)
FN:167,(anonymous_9)
FN:171,(anonymous_10)
FN:175,(anonymous_11)
FN:179,(anonymous_12)
FN:180,(anonymous_13)
FN:195,(anonymous_14)
FN:202,(anonymous_15)
FN:208,(anonymous_16)
FN:230,(anonymous_17)
FN:276,(anonymous_18)
FNF:19
FNH:0
FNDA:0,(anonymous_0)
FNDA:0,(anonymous_1)
FNDA:0,(anonymous_2)
FNDA:0,(anonymous_3)
FNDA:0,(anonymous_4)
FNDA:0,(anonymous_5)
FNDA:0,(anonymous_6)
FNDA:0,(anonymous_7)
FNDA:0,(anonymous_8)
FNDA:0,(anonymous_9)
FNDA:0,(anonymous_10)
FNDA:0,(anonymous_11)
FNDA:0,(anonymous_12)
FNDA:0,(anonymous_13)
FNDA:0,(anonymous_14)
FNDA:0,(anonymous_15)
FNDA:0,(anonymous_16)
FNDA:0,(anonymous_17)
FNDA:0,(anonymous_18)
DA:12,0
DA:21,0
DA:24,0
DA:26,0
DA:27,0
DA:28,0
DA:29,0
DA:33,0
DA:34,0
DA:39,0
DA:40,0
DA:41,0
DA:44,0
DA:47,0
DA:51,0
DA:52,0
DA:53,0
DA:55,0
DA:56,0
DA:58,0
DA:63,0
DA:64,0
DA:67,0
DA:70,0
DA:73,0
DA:76,0
DA:79,0
DA:81,0
DA:82,0
DA:85,0
DA:86,0
DA:89,0
DA:92,0
DA:93,0
DA:96,0
DA:99,0
DA:102,0
DA:107,0
DA:108,0
DA:111,0
DA:114,0
DA:115,0
DA:116,0
DA:117,0
DA:120,0
DA:121,0
DA:124,0
DA:125,0
DA:132,0
DA:133,0
DA:135,0
DA:136,0
DA:137,0
DA:138,0
DA:140,0
DA:141,0
DA:143,0
DA:144,0
DA:147,0
DA:151,0
DA:152,0
DA:153,0
DA:154,0
DA:158,0
DA:164,0
DA:168,0
DA:172,0
DA:176,0
DA:180,0
DA:181,0
DA:182,0
DA:187,0
DA:196,0
DA:197,0
DA:198,0
DA:199,0
DA:203,0
DA:204,0
DA:209,0
DA:210,0
DA:212,0
DA:213,0
DA:215,0
DA:216,0
DA:217,0
DA:219,0
DA:220,0
DA:222,0
DA:223,0
DA:225,0
DA:226,0
DA:231,0
DA:232,0
DA:235,0
DA:236,0
DA:237,0
DA:238,0
DA:241,0
DA:242,0
DA:244,0
DA:245,0
DA:246,0
DA:248,0
DA:249,0
DA:250,0
DA:252,0
DA:253,0
DA:254,0
DA:257,0
DA:258,0
DA:260,0
DA:261,0
DA:262,0
DA:264,0
DA:265,0
DA:267,0
DA:268,0
DA:270,0
DA:271,0
DA:272,0
DA:277,0
DA:278,0
DA:279,0
DA:281,0
DA:282,0
DA:283,0
DA:284,0
DA:287,0
DA:288,0
DA:290,0
DA:291,0
DA:292,0
DA:294,0
DA:295,0
DA:296,0
DA:298,0
DA:299,0
DA:300,0
DA:302,0
LF:139
LH:0
BRDA:23,0,0,0
BRDA:53,1,0,0
BRDA:53,1,1,0
BRDA:106,2,0,0
BRDA:108,3,0,0
BRDA:108,3,1,0
BRDA:152,4,0,0
BRDA:152,4,1,0
BRDA:210,5,0,0
BRDA:210,5,1,0
BRDA:232,6,0,0
BRDA:232,6,1,0
BRDA:276,7,0,0
BRDA:278,8,0,0
BRDA:278,8,1,0
BRDA:279,9,0,0
BRDA:279,9,1,0
BRF:17
BRH:0
end_of_record
TN:
SF:src/sound-engines/sampler.ts
FN:38,(anonymous_0)
FN:47,(anonymous_1)
FN:53,(anonymous_2)
FN:76,(anonymous_3)
FN:81,(anonymous_4)
FN:86,(anonymous_5)
FN:102,(anonymous_6)
FN:108,(anonymous_7)
FN:125,(anonymous_8)
FN:131,(anonymous_9)
FN:140,(anonymous_10)
FN:147,(anonymous_11)
FN:152,(anonymous_12)
FN:153,(anonymous_13)
FN:169,getAvailableInstruments
FN:170,(anonymous_15)
FN:171,(anonymous_16)
FNF:17
FNH:0
FNDA:0,(anonymous_0)
FNDA:0,(anonymous_1)
FNDA:0,(anonymous_2)
FNDA:0,(anonymous_3)
FNDA:0,(anonymous_4)
FNDA:0,(anonymous_5)
FNDA:0,(anonymous_6)
FNDA:0,(anonymous_7)
FNDA:0,(anonymous_8)
FNDA:0,(anonymous_9)
FNDA:0,(anonymous_10)
FNDA:0,(anonymous_11)
FNDA:0,(anonymous_12)
FNDA:0,(anonymous_13)
FNDA:0,getAvailableInstruments
FNDA:0,(anonymous_15)
FNDA:0,(anonymous_16)
DA:11,0
DA:32,0
DA:34,0
DA:36,0
DA:39,0
DA:41,0
DA:42,0
DA:43,0
DA:44,0
DA:48,0
DA:49,0
DA:54,0
DA:55,0
DA:58,0
DA:59,0
DA:61,0
DA:62,0
DA:63,0
DA:67,0
DA:69,0
DA:71,0
DA:77,0
DA:82,0
DA:87,0
DA:88,0
DA:89,0
DA:92,0
DA:93,0
DA:95,0
DA:103,0
DA:104,0
DA:109,0
DA:110,0
DA:111,0
DA:114,0
DA:118,0
DA:119,0
DA:121,0
DA:126,0
DA:127,0
DA:132,0
DA:133,0
DA:134,0
DA:135,0
DA:141,0
DA:142,0
DA:143,0
DA:148,0
DA:153,0
DA:154,0
DA:155,0
DA:160,0
DA:162,0
DA:163,0
DA:170,0
DA:171,0
LF:56
LH:0
BRDA:38,0,0,0
BRDA:54,1,0,0
BRDA:54,1,1,0
BRDA:58,2,0,0
BRDA:58,2,1,0
BRDA:86,3,0,0
BRDA:86,4,0,0
BRDA:87,5,0,0
BRDA:87,5,1,0
BRDA:93,6,0,0
BRDA:93,6,1,0
BRDA:102,7,0,0
BRDA:102,8,0,0
BRDA:108,9,0,0
BRDA:109,10,0,0
BRDA:109,10,1,0
BRDA:125,11,0,0
BRDA:133,12,0,0
BRDA:133,12,1,0
BRDA:162,13,0,0
BRDA:162,13,1,0
BRF:21
BRH:0
end_of_record
TN:
SF:src/sound-engines/synth.ts
FN:48,(anonymous_0)
FN:58,(anonymous_1)
FN:64,(anonymous_2)
FN:96,(anonymous_3)
FN:108,(anonymous_4)
FN:118,(anonymous_5)
FN:136,(anonymous_6)
FN:143,(anonymous_7)
FN:170,(anonymous_8)
FN:181,(anonymous_9)
FN:195,(anonymous_10)
FN:211,(anonymous_11)
FN:214,(anonymous_12)
FN:220,(anonymous_13)
FN:224,(anonymous_14)
FN:230,(anonymous_15)
FN:234,(anonymous_16)
FN:240,(anonymous_17)
FN:245,(anonymous_18)
FN:250,(anonymous_19)
FN:255,(anonymous_20)
FN:256,(anonymous_21)
FNF:22
FNH:0
FNDA:0,(anonymous_0)
FNDA:0,(anonymous_1)
FNDA:0,(anonymous_2)
FNDA:0,(anonymous_3)
FNDA:0,(anonymous_4)
FNDA:0,(anonymous_5)
FNDA:0,(anonymous_6)
FNDA:0,(anonymous_7)
FNDA:0,(anonymous_8)
FNDA:0,(anonymous_9)
FNDA:0,(anonymous_10)
FNDA:0,(anonymous_11)
FNDA:0,(anonymous_12)
FNDA:0,(anonymous_13)
FNDA:0,(anonymous_14)
FNDA:0,(anonymous_15)
FNDA:0,(anonymous_16)
FNDA:0,(anonymous_17)
FNDA:0,(anonymous_18)
FNDA:0,(anonymous_19)
FNDA:0,(anonymous_20)
FNDA:0,(anonymous_21)
DA:29,0
DA:45,0
DA:49,0
DA:51,0
DA:52,0
DA:53,0
DA:54,0
DA:59,0
DA:60,0
DA:65,0
DA:66,0
DA:67,0
DA:70,0
DA:71,0
DA:72,0
DA:73,0
DA:74,0
DA:77,0
DA:78,0
DA:79,0
DA:82,0
DA:86,0
DA:87,0
DA:88,0
DA:89,0
DA:92,0
DA:93,0
DA:96,0
DA:97,0
DA:98,0
DA:101,0
DA:102,0
DA:104,0
DA:105,0
DA:108,0
DA:111,0
DA:112,0
DA:113,0
DA:115,0
DA:116,0
DA:118,0
DA:122,0
DA:123,0
DA:131,0
DA:135,0
DA:136,0
DA:137,0
DA:144,0
DA:145,0
DA:146,0
DA:148,0
DA:149,0
DA:150,0
DA:151,0
DA:152,0
DA:154,0
DA:155,0
DA:156,0
DA:159,0
DA:162,0
DA:163,0
DA:164,0
DA:165,0
DA:167,0
DA:168,0
DA:170,0
DA:171,0
DA:172,0
DA:175,0
DA:176,0
DA:178,0
DA:179,0
DA:181,0
DA:183,0
DA:184,0
DA:191,0
DA:196,0
DA:197,0
DA:199,0
DA:200,0
DA:201,0
DA:203,0
DA:206,0
DA:207,0
DA:208,0
DA:211,0
DA:214,0
DA:215,0
DA:221,0
DA:222,0
DA:224,0
DA:225,0
DA:231,0
DA:232,0
DA:234,0
DA:235,0
DA:241,0
DA:246,0
DA:251,0
DA:256,0
DA:257,0
LF:101
LH:0
BRDA:48,0,0,0
BRDA:66,1,0,0
BRDA:66,1,1,0
BRDA:77,2,0,0
BRDA:77,2,1,0
BRDA:78,3,0,0
BRDA:78,3,1,0
BRDA:111,4,0,0
BRDA:111,4,1,0
BRDA:131,5,0,0
BRDA:131,5,1,0
BRDA:135,6,0,0
BRDA:135,6,1,0
BRDA:154,7,0,0
BRDA:154,7,1,0
BRDA:155,8,0,0
BRDA:155,8,1,0
BRDA:197,9,0,0
BRDA:197,9,1,0
BRDA:197,10,0,0
BRDA:197,10,1,0
BRF:21
BRH:0
end_of_record
TN:
SF:src/themes/deepSea/ambience.ts
FN:25,(anonymous_0)
FN:43,(anonymous_1)
FN:50,(anonymous_2)
FN:59,createDeepSeaAmbience
FN:115,(anonymous_4)
FN:127,createROVAmbience
FN:170,(anonymous_6)
FN:181,createSonarAmbience
FN:185,(anonymous_8)
FN:193,(anonymous_9)
FN:198,createBioluminescenceAmbience
FN:205,(anonymous_11)
FN:236,(anonymous_12)
FN:247,createHydrophoneAmbience
FN:254,(anonymous_14)
FN:265,createDiscoveryAmbience
FN:309,createLabAmbience
FN:344,(anonymous_17)
FN:355,createSurfaceAmbience
FN:382,createTensionAmbience
FN:423,playSonarPing
FN:442,playMysteryTone
FN:464,playServoSound
FN:489,playShimmer
FN:512,playCrackle
FN:541,playBeep
FNF:26
FNH:15
FNDA:44,(anonymous_0)
FNDA:58,(anonymous_1)
FNDA:3,(anonymous_2)
FNDA:18,createDeepSeaAmbience
FNDA:0,(anonymous_4)
FNDA:6,createROVAmbience
FNDA:0,(anonymous_6)
FNDA:9,createSonarAmbience
FNDA:0,(anonymous_8)
FNDA:3,(anonymous_9)
FNDA:5,createBioluminescenceAmbience
FNDA:20,(anonymous_11)
FNDA:0,(anonymous_12)
FNDA:4,createHydrophoneAmbience
FNDA:0,(anonymous_14)
FNDA:4,createDiscoveryAmbience
FNDA:4,createLabAmbience
FNDA:0,(anonymous_17)
FNDA:4,createSurfaceAmbience
FNDA:4,createTensionAmbience
FNDA:3,playSonarPing
FNDA:0,playMysteryTone
FNDA:0,playServoSound
FNDA:0,playShimmer
FNDA:0,playCrackle
FNDA:0,playBeep
DA:26,44
DA:29,44
DA:30,44
DA:31,44
DA:32,44
DA:33,44
DA:34,44
DA:35,44
DA:36,44
DA:37,44
DA:44,58
DA:51,3
DA:60,18
DA:61,18
DA:64,18
DA:67,18
DA:68,18
DA:69,18
DA:71,18
DA:72,18
DA:73,18
DA:76,18
DA:77,18
DA:78,18
DA:80,18
DA:81,18
DA:82,18
DA:85,18
DA:86,18
DA:87,18
DA:89,18
DA:90,18
DA:92,18
DA:93,18
DA:96,18
DA:97,18
DA:98,18
DA:99,18
DA:102,18
DA:103,18
DA:104,18
DA:106,18
DA:107,18
DA:110,18
DA:113,18
DA:114,18
DA:115,17
DA:116,0
DA:117,0
DA:118,0
DA:121,17
DA:124,18
DA:128,6
DA:129,6
DA:132,6
DA:133,6
DA:134,6
DA:136,6
DA:137,6
DA:138,6
DA:139,6
DA:141,6
DA:142,6
DA:143,6
DA:146,6
DA:147,6
DA:148,6
DA:150,6
DA:151,6
DA:152,6
DA:155,6
DA:156,6
DA:157,6
DA:159,6
DA:160,6
DA:163,6
DA:164,6
DA:166,6
DA:167,6
DA:170,6
DA:171,0
DA:172,0
DA:173,0
DA:176,6
DA:178,6
DA:182,9
DA:185,9
DA:186,0
DA:187,0
DA:190,9
DA:193,9
DA:195,9
DA:199,5
DA:200,5
DA:203,5
DA:205,5
DA:206,20
DA:207,20
DA:208,20
DA:210,20
DA:211,20
DA:212,20
DA:215,20
DA:216,20
DA:217,20
DA:219,20
DA:220,20
DA:222,20
DA:223,20
DA:225,20
DA:226,20
DA:228,20
DA:229,20
DA:231,20
DA:232,20
DA:236,5
DA:237,0
DA:238,0
DA:239,0
DA:242,5
DA:244,5
DA:248,4
DA:251,4
DA:254,4
DA:255,0
DA:256,0
DA:257,0
DA:260,4
DA:262,4
DA:266,4
DA:267,4
DA:270,4
DA:271,4
DA:272,4
DA:273,4
DA:275,4
DA:276,4
DA:277,4
DA:279,4
DA:280,4
DA:281,4
DA:284,4
DA:285,4
DA:286,4
DA:288,4
DA:289,4
DA:290,4
DA:293,4
DA:294,4
DA:295,4
DA:297,4
DA:298,4
DA:300,4
DA:301,4
DA:303,4
DA:304,4
DA:306,4
DA:310,4
DA:311,4
DA:314,4
DA:315,4
DA:316,4
DA:318,4
DA:319,4
DA:320,4
DA:323,4
DA:324,4
DA:325,4
DA:327,4
DA:328,4
DA:329,4
DA:331,4
DA:332,4
DA:334,4
DA:335,4
DA:337,4
DA:338,4
DA:340,4
DA:341,4
DA:344,4
DA:345,0
DA:346,0
DA:347,0
DA:350,4
DA:352,4
DA:356,4
DA:357,4
DA:360,4
DA:363,4
DA:364,4
DA:365,4
DA:367,4
DA:368,4
DA:369,4
DA:371,4
DA:372,4
DA:374,4
DA:376,4
DA:377,4
DA:379,4
DA:383,4
DA:384,4
DA:387,4
DA:388,4
DA:389,4
DA:391,4
DA:392,4
DA:393,4
DA:396,4
DA:397,4
DA:398,4
DA:400,4
DA:401,4
DA:402,4
DA:404,4
DA:405,4
DA:407,4
DA:408,4
DA:410,4
DA:411,4
DA:413,4
DA:414,4
DA:416,4
DA:424,3
DA:426,3
DA:427,3
DA:428,3
DA:429,3
DA:431,3
DA:432,3
DA:433,3
DA:435,3
DA:436,3
DA:438,3
DA:439,3
DA:443,0
DA:445,0
DA:446,0
DA:448,0
DA:449,0
DA:450,0
DA:452,0
DA:453,0
DA:454,0
DA:455,0
DA:457,0
DA:458,0
DA:460,0
DA:461,0
DA:465,0
DA:467,0
DA:468,0
DA:469,0
DA:470,0
DA:472,0
DA:473,0
DA:474,0
DA:475,0
DA:477,0
DA:478,0
DA:479,0
DA:481,0
DA:482,0
DA:483,0
DA:485,0
DA:486,0
DA:490,0
DA:492,0
DA:494,0
DA:495,0
DA:496,0
DA:497,0
DA:499,0
DA:500,0
DA:501,0
DA:502,0
DA:504,0
DA:505,0
DA:507,0
DA:508,0
DA:513,0
DA:515,0
DA:516,0
DA:517,0
DA:519,0
DA:520,0
DA:523,0
DA:524,0
DA:526,0
DA:527,0
DA:528,0
DA:530,0
DA:531,0
DA:532,0
DA:534,0
DA:535,0
DA:536,0
DA:538,0
DA:542,0
DA:544,0
DA:545,0
DA:546,0
DA:548,0
DA:549,0
DA:550,0
DA:551,0
DA:553,0
DA:554,0
DA:556,0
DA:557,0
LF:310
LH:218
BRDA:43,0,0,58
BRDA:50,1,0,3
BRDA:64,2,0,18
BRDA:64,2,1,0
BRDA:73,3,0,18
BRDA:73,3,1,1
BRDA:73,4,0,18
BRDA:73,4,1,0
BRDA:82,5,0,18
BRDA:82,5,1,1
BRDA:82,6,0,18
BRDA:82,6,1,0
BRDA:110,7,0,18
BRDA:110,7,1,1
BRDA:110,8,0,18
BRDA:110,8,1,0
BRDA:113,9,0,18
BRDA:113,9,1,0
BRDA:114,10,0,17
BRDA:114,10,1,1
BRDA:116,11,0,0
BRDA:116,11,1,0
BRDA:117,12,0,0
BRDA:117,12,1,0
BRDA:118,13,0,0
BRDA:118,13,1,0
BRDA:143,14,0,6
BRDA:143,14,1,0
BRDA:143,15,0,6
BRDA:143,15,1,0
BRDA:152,16,0,6
BRDA:152,16,1,0
BRDA:152,17,0,6
BRDA:152,17,1,0
BRDA:171,18,0,0
BRDA:171,18,1,0
BRDA:172,19,0,0
BRDA:172,19,1,0
BRDA:173,20,0,0
BRDA:173,20,1,0
BRDA:186,21,0,0
BRDA:186,21,1,0
BRDA:187,22,0,0
BRDA:187,22,1,0
BRDA:188,23,0,9
BRDA:188,23,1,0
BRDA:193,24,0,3
BRDA:193,24,1,0
BRDA:212,25,0,20
BRDA:212,25,1,0
BRDA:212,26,0,20
BRDA:212,26,1,0
BRDA:220,27,0,20
BRDA:220,27,1,0
BRDA:237,28,0,0
BRDA:237,28,1,0
BRDA:238,29,0,0
BRDA:238,29,1,0
BRDA:239,30,0,0
BRDA:239,30,1,0
BRDA:251,31,0,4
BRDA:251,31,1,0
BRDA:251,32,0,4
BRDA:251,32,1,0
BRDA:255,33,0,0
BRDA:255,33,1,0
BRDA:256,34,0,0
BRDA:256,34,1,0
BRDA:257,35,0,0
BRDA:257,35,1,0
BRDA:281,36,0,4
BRDA:281,36,1,0
BRDA:281,37,0,4
BRDA:281,37,1,0
BRDA:290,38,0,4
BRDA:290,38,1,0
BRDA:290,39,0,4
BRDA:290,39,1,0
BRDA:320,40,0,4
BRDA:320,40,1,0
BRDA:320,41,0,4
BRDA:320,41,1,0
BRDA:329,42,0,4
BRDA:329,42,1,0
BRDA:329,43,0,4
BRDA:329,43,1,0
BRDA:345,44,0,0
BRDA:345,44,1,0
BRDA:346,45,0,0
BRDA:346,45,1,0
BRDA:347,46,0,0
BRDA:347,46,1,0
BRDA:360,47,0,4
BRDA:360,47,1,0
BRDA:360,48,0,4
BRDA:360,48,1,0
BRDA:369,49,0,4
BRDA:369,49,1,0
BRDA:369,50,0,4
BRDA:369,50,1,0
BRDA:393,51,0,4
BRDA:393,51,1,0
BRDA:393,52,0,4
BRDA:393,52,1,0
BRDA:402,53,0,4
BRDA:402,53,1,0
BRDA:402,54,0,4
BRDA:402,54,1,0
BRF:108
BRH:42
end_of_record
TN:
SF:src/themes/deepSea/sound-effects.ts
FN:32,(anonymous_0)
FN:57,(anonymous_1)
FN:66,playSonarPing
FN:86,playSonarReturn
FN:88,(anonymous_4)
FN:107,playNotification
FN:111,(anonymous_6)
FN:129,playError
FN:155,playSuccess
FN:159,(anonymous_9)
FN:177,playClick
FN:196,playHover
FN:215,playOpen
FN:235,playClose
FN:255,playDiscovery
FN:260,(anonymous_15)
FN:278,playWarning
FN:304,playTransmit
FN:325,playReceive
FN:345,playDepth
FN:365,playPressure
FN:386,playCreature
FNF:22
FNH:0
FNDA:0,(anonymous_0)
FNDA:0,(anonymous_1)
FNDA:0,playSonarPing
FNDA:0,playSonarReturn
FNDA:0,(anonymous_4)
FNDA:0,playNotification
FNDA:0,(anonymous_6)
FNDA:0,playError
FNDA:0,playSuccess
FNDA:0,(anonymous_9)
FNDA:0,playClick
FNDA:0,playHover
FNDA:0,playOpen
FNDA:0,playClose
FNDA:0,playDiscovery
FNDA:0,(anonymous_15)
FNDA:0,playWarning
FNDA:0,playTransmit
FNDA:0,playReceive
FNDA:0,playDepth
FNDA:0,playPressure
FNDA:0,playCreature
DA:33,0
DA:36,0
DA:37,0
DA:38,0
DA:39,0
DA:40,0
DA:41,0
DA:42,0
DA:43,0
DA:44,0
DA:45,0
DA:46,0
DA:47,0
DA:48,0
DA:49,0
DA:50,0
DA:51,0
DA:58,0
DA:67,0
DA:68,0
DA:70,0
DA:71,0
DA:72,0
DA:73,0
DA:75,0
DA:76,0
DA:77,0
DA:79,0
DA:80,0
DA:82,0
DA:83,0
DA:88,0
DA:89,0
DA:90,0
DA:91,0
DA:92,0
DA:93,0
DA:95,0
DA:96,0
DA:97,0
DA:99,0
DA:100,0
DA:102,0
DA:103,0
DA:108,0
DA:109,0
DA:111,0
DA:112,0
DA:113,0
DA:114,0
DA:116,0
DA:117,0
DA:118,0
DA:119,0
DA:121,0
DA:122,0
DA:124,0
DA:125,0
DA:130,0
DA:131,0
DA:133,0
DA:134,0
DA:135,0
DA:136,0
DA:138,0
DA:139,0
DA:140,0
DA:142,0
DA:143,0
DA:144,0
DA:145,0
DA:147,0
DA:148,0
DA:149,0
DA:151,0
DA:152,0
DA:156,0
DA:157,0
DA:159,0
DA:160,0
DA:161,0
DA:162,0
DA:164,0
DA:165,0
DA:166,0
DA:167,0
DA:169,0
DA:170,0
DA:172,0
DA:173,0
DA:178,0
DA:179,0
DA:181,0
DA:182,0
DA:183,0
DA:185,0
DA:186,0
DA:187,0
DA:189,0
DA:190,0
DA:192,0
DA:193,0
DA:197,0
DA:198,0
DA:200,0
DA:201,0
DA:202,0
DA:204,0
DA:205,0
DA:206,0
DA:208,0
DA:209,0
DA:211,0
DA:212,0
DA:216,0
DA:217,0
DA:219,0
DA:220,0
DA:221,0
DA:222,0
DA:224,0
DA:225,0
DA:226,0
DA:228,0
DA:229,0
DA:231,0
DA:232,0
DA:236,0
DA:237,0
DA:239,0
DA:240,0
DA:241,0
DA:242,0
DA:244,0
DA:245,0
DA:246,0
DA:248,0
DA:249,0
DA:251,0
DA:252,0
DA:256,0
DA:257,0
DA:260,0
DA:261,0
DA:262,0
DA:263,0
DA:265,0
DA:266,0
DA:267,0
DA:268,0
DA:270,0
DA:271,0
DA:273,0
DA:274,0
DA:279,0
DA:280,0
DA:282,0
DA:283,0
DA:284,0
DA:285,0
DA:287,0
DA:288,0
DA:289,0
DA:291,0
DA:292,0
DA:293,0
DA:295,0
DA:296,0
DA:297,0
DA:299,0
DA:300,0
DA:305,0
DA:306,0
DA:308,0
DA:309,0
DA:310,0
DA:311,0
DA:313,0
DA:314,0
DA:315,0
DA:317,0
DA:318,0
DA:320,0
DA:321,0
DA:326,0
DA:327,0
DA:329,0
DA:330,0
DA:331,0
DA:332,0
DA:334,0
DA:335,0
DA:336,0
DA:338,0
DA:339,0
DA:341,0
DA:342,0
DA:346,0
DA:347,0
DA:349,0
DA:350,0
DA:351,0
DA:352,0
DA:354,0
DA:355,0
DA:356,0
DA:358,0
DA:359,0
DA:361,0
DA:362,0
DA:366,0
DA:367,0
DA:370,0
DA:371,0
DA:372,0
DA:374,0
DA:375,0
DA:376,0
DA:377,0
DA:379,0
DA:380,0
DA:382,0
DA:383,0
DA:387,0
DA:388,0
DA:391,0
DA:392,0
DA:393,0
DA:394,0
DA:395,0
DA:396,0
DA:398,0
DA:399,0
DA:400,0
DA:401,0
DA:402,0
DA:404,0
DA:405,0
DA:407,0
DA:408,0
LF:240
LH:0
BRDA:32,0,0,0
BRF:1
BRH:0
end_of_record
TN:
SF:src/themes/livingOs/ambience.ts
FN:27,(anonymous_0)
FN:38,(anonymous_1)
FN:55,(anonymous_2)
FN:69,(anonymous_3)
FN:82,(anonymous_4)
FN:85,(anonymous_5)
FN:91,(anonymous_6)
FN:97,(anonymous_7)
FN:105,(anonymous_8)
FN:112,(anonymous_9)
FN:122,(anonymous_10)
FN:150,(anonymous_11)
FN:202,(anonymous_12)
FN:212,(anonymous_13)
FN:312,(anonymous_14)
FN:321,(anonymous_15)
FN:343,(anonymous_16)
FN:364,(anonymous_17)
FN:406,(anonymous_18)
FN:434,(anonymous_19)
FN:483,(anonymous_20)
FN:491,(anonymous_21)
FN:513,(anonymous_22)
FN:522,(anonymous_23)
FN:545,(anonymous_24)
FN:579,(anonymous_25)
FN:609,(anonymous_26)
FNF:27
FNH:19
FNDA:39,(anonymous_0)
FNDA:18,(anonymous_1)
FNDA:0,(anonymous_2)
FNDA:7,(anonymous_3)
FNDA:16,(anonymous_4)
FNDA:0,(anonymous_5)
FNDA:11,(anonymous_6)
FNDA:1,(anonymous_7)
FNDA:30,(anonymous_8)
FNDA:32,(anonymous_9)
FNDA:28,(anonymous_10)
FNDA:4,(anonymous_11)
FNDA:32,(anonymous_12)
FNDA:28,(anonymous_13)
FNDA:1,(anonymous_14)
FNDA:1,(anonymous_15)
FNDA:0,(anonymous_16)
FNDA:28,(anonymous_17)
FNDA:10,(anonymous_18)
FNDA:0,(anonymous_19)
FNDA:28,(anonymous_20)
FNDA:0,(anonymous_21)
FNDA:10,(anonymous_22)
FNDA:0,(anonymous_23)
FNDA:0,(anonymous_24)
FNDA:0,(anonymous_25)
FNDA:10,(anonymous_26)
DA:24,39
DA:25,39
DA:28,39
DA:31,39
DA:32,39
DA:39,18
DA:42,18
DA:44,9
DA:47,9
DA:48,9
DA:50,9
DA:51,18
DA:55,9
DA:56,0
DA:61,0
DA:71,7
DA:72,7
DA:76,7
DA:84,16
DA:85,0
DA:86,0
DA:90,16
DA:91,16
DA:92,16
DA:96,16
DA:97,1
DA:98,1
DA:106,30
DA:113,32
DA:114,20
DA:116,32
DA:123,28
DA:125,28
DA:126,28
DA:127,28
DA:130,28
DA:133,28
DA:136,28
DA:139,28
DA:140,10
DA:143,28
DA:144,28
DA:151,4
DA:152,4
DA:154,4
DA:155,4
DA:156,4
DA:157,4
DA:160,4
DA:161,4
DA:162,4
DA:164,4
DA:165,4
DA:166,4
DA:168,4
DA:169,4
DA:170,4
DA:173,4
DA:174,0
DA:175,0
DA:176,0
DA:178,0
DA:179,0
DA:181,0
DA:182,0
DA:184,0
DA:185,0
DA:188,4
DA:189,4
DA:190,4
DA:192,4
DA:193,4
DA:194,4
DA:196,4
DA:203,32
DA:204,13
DA:205,10
DA:206,2
DA:213,28
DA:217,28
DA:221,28
DA:222,28
DA:223,28
DA:224,28
DA:227,28
DA:228,24696000
DA:230,24696000
DA:231,24696000
DA:234,28
DA:235,28
DA:236,28
DA:239,0
DA:240,0
DA:241,0
DA:242,0
DA:243,0
DA:245,0
DA:246,0
DA:249,0
DA:250,0
DA:251,0
DA:253,0
DA:255,0
DA:259,28
DA:260,28
DA:261,28
DA:264,28
DA:265,28
DA:266,28
DA:268,28
DA:269,28
DA:271,28
DA:274,28
DA:275,10
DA:276,10
DA:277,10
DA:279,10
DA:280,10
DA:282,18
DA:285,28
DA:286,28
DA:287,28
DA:290,28
DA:292,28
DA:293,28
DA:295,28
DA:296,28
DA:297,28
DA:298,28
DA:299,28
DA:307,28
DA:308,28
DA:310,92
DA:312,92
DA:313,1
DA:322,1
DA:326,0
DA:327,1
DA:328,1
DA:331,1
DA:334,1
DA:338,1
DA:339,1
DA:343,1
DA:344,0
DA:347,0
DA:348,0
DA:351,0
DA:355,1
DA:356,0
DA:358,0
DA:365,28
DA:368,28
DA:369,28
DA:370,28
DA:372,28
DA:373,28
DA:374,28
DA:377,28
DA:378,10
DA:379,10
DA:380,10
DA:382,10
DA:383,10
DA:385,10
DA:386,10
DA:388,10
DA:389,10
DA:392,28
DA:393,28
DA:395,28
DA:396,28
DA:397,28
DA:400,28
DA:407,10
DA:410,10
DA:413,10
DA:414,2
DA:415,2
DA:416,2
DA:418,2
DA:419,2
DA:420,2
DA:422,2
DA:423,2
DA:425,2
DA:426,2
DA:427,2
DA:435,0
DA:436,0
DA:439,0
DA:440,0
DA:443,0
DA:445,0
DA:446,0
DA:447,0
DA:450,0
DA:453,0
DA:455,0
DA:456,0
DA:459,0
DA:460,0
DA:461,0
DA:462,0
DA:466,0
DA:468,0
DA:469,0
DA:470,0
DA:471,0
DA:473,0
DA:474,0
DA:476,0
DA:477,0
DA:484,28
DA:487,28
DA:488,28
DA:489,28
DA:491,28
DA:492,0
DA:495,0
DA:496,0
DA:497,0
DA:501,0
DA:504,28
DA:505,28
DA:507,28
DA:514,10
DA:517,10
DA:518,10
DA:519,10
DA:520,10
DA:522,10
DA:523,0
DA:526,0
DA:527,0
DA:528,0
DA:529,0
DA:533,0
DA:536,10
DA:537,10
DA:539,10
DA:546,0
DA:547,0
DA:549,0
DA:550,0
DA:551,0
DA:553,0
DA:554,0
DA:557,0
DA:558,0
DA:560,0
DA:561,0
DA:562,0
DA:563,0
DA:565,0
DA:566,0
DA:567,0
DA:569,0
DA:570,0
DA:571,0
DA:573,0
DA:580,0
DA:581,0
DA:584,0
DA:585,0
DA:586,0
DA:587,0
DA:589,0
DA:590,0
DA:591,0
DA:593,0
DA:594,0
DA:595,0
DA:596,0
DA:598,0
DA:599,0
DA:600,0
DA:602,0
DA:603,0
DA:610,10
DA:611,10
DA:612,10
DA:614,10
DA:615,441000
DA:616,441000
DA:619,10
LF:286
LH:180
BRDA:42,0,0,9
BRDA:42,0,1,9
BRDA:69,1,0,7
BRDA:84,2,0,0
BRDA:84,2,1,16
BRDA:90,3,0,16
BRDA:90,3,1,0
BRDA:96,4,0,1
BRDA:96,4,1,15
BRDA:112,5,0,32
BRDA:113,6,0,20
BRDA:113,6,1,12
BRDA:125,7,0,28
BRDA:125,7,1,8
BRDA:126,8,0,28
BRDA:126,8,1,0
BRDA:127,9,0,28
BRDA:127,9,1,0
BRDA:139,10,0,10
BRDA:139,10,1,18
BRDA:154,11,0,4
BRDA:154,11,1,4
BRDA:155,12,0,4
BRDA:155,12,1,0
BRDA:156,13,0,4
BRDA:156,13,1,0
BRDA:166,14,0,0
BRDA:166,14,1,4
BRDA:173,15,0,0
BRDA:173,15,1,4
BRDA:203,16,0,19
BRDA:203,16,1,13
BRDA:204,17,0,3
BRDA:204,17,1,10
BRDA:205,18,0,8
BRDA:205,18,1,2
BRDA:261,19,0,10
BRDA:261,19,1,18
BRDA:274,20,0,10
BRDA:274,20,1,18
BRDA:276,21,0,2
BRDA:276,21,1,8
BRDA:307,22,0,10
BRDA:307,22,1,18
BRDA:322,23,0,1
BRDA:322,23,1,0
BRDA:326,24,0,0
BRDA:326,24,1,0
BRDA:339,25,0,0
BRDA:339,25,1,0
BRDA:344,26,0,0
BRDA:344,26,1,0
BRDA:355,27,0,0
BRDA:355,27,1,1
BRDA:377,28,0,10
BRDA:377,28,1,18
BRDA:413,29,0,2
BRDA:413,29,1,8
BRDA:440,30,0,0
BRDA:440,30,1,0
BRDA:440,31,0,0
BRDA:440,31,1,0
BRDA:453,32,0,0
BRDA:453,32,1,0
BRDA:484,33,0,0
BRDA:484,33,1,28
BRDA:492,34,0,0
BRDA:492,34,1,0
BRDA:495,35,0,0
BRDA:495,35,1,0
BRDA:504,36,0,28
BRDA:504,36,1,0
BRDA:514,37,0,0
BRDA:514,37,1,10
BRDA:517,38,0,2
BRDA:517,38,1,8
BRDA:523,39,0,0
BRDA:523,39,1,0
BRDA:526,40,0,0
BRDA:526,40,1,0
BRDA:527,41,0,0
BRDA:527,41,1,0
BRDA:536,42,0,10
BRDA:536,42,1,0
BRDA:562,43,0,0
BRDA:562,43,1,0
BRF:86
BRH:48
end_of_record
TN:
SF:src/themes/livingOs/sound-effects.ts
FN:27,(anonymous_0)
FN:40,(anonymous_1)
FN:47,(anonymous_2)
FN:54,(anonymous_3)
FN:75,(anonymous_4)
FN:116,(anonymous_5)
FN:124,(anonymous_6)
FN:132,(anonymous_7)
FN:165,(anonymous_8)
FN:174,(anonymous_9)
FN:201,(anonymous_10)
FN:209,(anonymous_11)
FN:239,(anonymous_12)
FN:249,(anonymous_13)
FN:282,(anonymous_14)
FN:310,(anonymous_15)
FNF:16
FNH:0
FNDA:0,(anonymous_0)
FNDA:0,(anonymous_1)
FNDA:0,(anonymous_2)
FNDA:0,(anonymous_3)
FNDA:0,(anonymous_4)
FNDA:0,(anonymous_5)
FNDA:0,(anonymous_6)
FNDA:0,(anonymous_7)
FNDA:0,(anonymous_8)
FNDA:0,(anonymous_9)
FNDA:0,(anonymous_10)
FNDA:0,(anonymous_11)
FNDA:0,(anonymous_12)
FNDA:0,(anonymous_13)
FNDA:0,(anonymous_14)
FNDA:0,(anonymous_15)
DA:25,0
DA:28,0
DA:31,0
DA:32,0
DA:33,0
DA:34,0
DA:41,0
DA:48,0
DA:55,0
DA:56,0
DA:59,0
DA:60,0
DA:61,0
DA:64,0
DA:67,0
DA:68,0
DA:76,0
DA:77,0
DA:78,0
DA:81,0
DA:82,0
DA:83,0
DA:86,0
DA:87,0
DA:89,0
DA:90,0
DA:91,0
DA:92,0
DA:95,0
DA:96,0
DA:99,0
DA:100,0
DA:101,0
DA:102,0
DA:104,0
DA:105,0
DA:106,0
DA:107,0
DA:109,0
DA:110,0
DA:111,0
DA:113,0
DA:116,0
DA:117,0
DA:125,0
DA:126,0
DA:127,0
DA:130,0
DA:132,0
DA:133,0
DA:134,0
DA:137,0
DA:138,0
DA:140,0
DA:141,0
DA:142,0
DA:143,0
DA:146,0
DA:147,0
DA:148,0
DA:149,0
DA:151,0
DA:152,0
DA:154,0
DA:157,0
DA:159,0
DA:160,0
DA:164,0
DA:165,0
DA:166,0
DA:175,0
DA:176,0
DA:179,0
DA:180,0
DA:181,0
DA:182,0
DA:184,0
DA:185,0
DA:186,0
DA:188,0
DA:189,0
DA:190,0
DA:191,0
DA:193,0
DA:194,0
DA:195,0
DA:197,0
DA:198,0
DA:201,0
DA:202,0
DA:210,0
DA:211,0
DA:214,0
DA:215,0
DA:216,0
DA:217,0
DA:218,0
DA:220,0
DA:221,0
DA:222,0
DA:224,0
DA:225,0
DA:226,0
DA:228,0
DA:229,0
DA:230,0
DA:232,0
DA:233,0
DA:240,0
DA:241,0
DA:242,0
DA:243,0
DA:250,0
DA:251,0
DA:253,0
DA:254,0
DA:255,0
DA:257,0
DA:258,0
DA:261,0
DA:262,0
DA:264,0
DA:265,0
DA:266,0
DA:268,0
DA:269,0
DA:270,0
DA:272,0
DA:273,0
DA:274,0
DA:276,0
DA:283,0
DA:284,0
DA:286,0
DA:287,0
DA:288,0
DA:290,0
DA:291,0
DA:292,0
DA:294,0
DA:295,0
DA:296,0
DA:297,0
DA:299,0
DA:300,0
DA:301,0
DA:303,0
DA:304,0
DA:311,0
DA:312,0
DA:314,0
DA:315,0
DA:316,0
DA:318,0
DA:319,0
DA:322,0
DA:323,0
DA:325,0
DA:326,0
DA:327,0
DA:328,0
DA:330,0
DA:331,0
DA:332,0
DA:334,0
DA:335,0
DA:336,0
DA:338,0
LF:168
LH:0
BRDA:27,0,0,0
BRDA:54,1,0,0
BRDA:55,2,0,0
BRDA:55,2,1,0
BRDA:60,3,0,0
BRDA:60,3,1,0
BRDA:67,4,0,0
BRDA:67,4,1,0
BRDA:101,5,0,0
BRDA:101,5,1,0
BRDA:130,6,0,0
BRDA:130,6,1,0
BRDA:137,7,0,0
BRDA:137,7,1,0
BRDA:146,8,0,0
BRDA:146,8,1,0
BRDA:149,9,0,0
BRDA:149,9,1,0
BRDA:164,10,0,0
BRDA:164,10,1,0
BRDA:240,11,0,0
BRDA:240,11,1,0
BRDA:241,12,0,0
BRDA:241,12,1,0
BRDA:242,13,0,0
BRDA:242,13,1,0
BRF:26
BRH:0
end_of_record
